=~=~=~=~=~=~=~=~=~=~=~= PuTTY log 2018.12.10 05:59:55 =~=~=~=~=~=~=~=~=~=~=~=
1hm
ms -> 997ms, 1000ms -> 1000ms, 54.82 LDR mV | 8.29 lx | 995.58 hPa | 18.67 °C | 18.28 RH % | 0.00 CO vout raw | inf CO rs ohm
ms -> 997ms, 1000ms -> 1000ms, 54.82 LDR mV | 8.29 lx | 995.58 hPa | 18.67 °C | 18.28 RH % | 0.00 CO vout raw | inf CO rs ohm
SAP::STATUS {
  STATUS::OK == 0
  STATUS::BAD_WIRING_I2C_BME280 == 1
  STATUS::BAD_ILLUMINANCE == 2
};
--> sap.status: 0 <--
14ms -> 14ms, 995ms -> 995ms, 997ms -> 997ms, 1000ms -> 1001ms, 0.00 LDR mV | 0.00 lx | 955.98 hPa | 18.67 °C | 19.35 RH % | 0.00 CO vout raw | inf CO rs ohm
14ms -> 14ms, 995ms -> 995ms, 997ms -> 997ms, 1000ms -> 1001ms, 46.99 LDR mV | 7.24 lx | 995.60 hPa | 18.67 °C | 18.28 RH % | 0.00 CO vout raw | inf CO rs ohm
14ms -> 15ms, 995ms -> 996ms, 997ms -> 998ms, 1000ms -> 1001ms, 0.00 LDR mV | 0.00 lx | 995.56 hPa | 18.67 °C | 18.28 RH % | 0.00 CO vout raw | inf CO rs ohm
14ms -> 15ms, 995ms -> 996ms, 997ms -> 998ms, 1000ms -> 1001ms, 46.99 LDR mV | 7.24 lx | 995.61 hPa | 18.66 °C | 19.35 RH % | 0.00 CO vout raw | inf CO rs ohm
14ms -> 15ms, 995ms -> 996ms, 997ms -> 998ms, 1000ms -> 1001ms, 54.82 LDR mV | 8.29 lx | 995.62 hPa | 18.67 °C | 19.35 RH % | 1.00 CO vout raw | 10310407.00 CO rs ohm
14ms -> 14ms, 995ms -> 995ms, 997ms -> 997ms, 1000ms -> 1000ms, 46.99 LDR mV | 7.24 lx | 995.59 hPa | 18.66 °C | 18.28 RH % | 0.00 CO vout raw | inf CO rs ohm
14ms -> 13ms, 995ms -> 994ms, 997ms -> 996ms, 1000ms -> 999ms, 46.99 LDR mV | 7.24 lx | 995.65 hPa | 18.65 °C | 19.35 RH % | 0.00 CO vout raw | inf CO rs ohm
14ms -> 13ms, 995ms -> 994ms, 997ms -> 996ms, 1000ms -> 999ms, 46.99 LDR mV | 7.24 lx | 995.63 hPa | 18.64 °C | 19.35 RH % | 0.00 CO vout raw | inf CO rs ohm
14ms -> 14ms, 995ms -> 995ms, 997ms -> 997ms, 1000ms -> 1000ms, 0.00 LDR mV | 0.00 lx | 995.68 hPa | 18.63 °C | 19.35 RH % | 5.00 CO vout raw | 2054018.62 CO rs ohm
14ms -> 14ms, 995ms -> 995ms, 997ms -> 997ms, 1000ms -> 1000ms, 0.00 LDR mV | 0.00 lx | 995.60 hPa | 18.64 °C | 19.35 RH % | 0.00 CO vout raw | inf CO rs ohm
14ms -> 14ms, 995ms -> 995ms, 997ms -> 997ms, 1000ms -> 1000ms, 54.82 LDR mV | 8.29 lx | 995.62 hPa | 18.63 °C | 19.35 RH % | 1.00 CO vout raw | 10310407.00 CO rs ohm
14ms -> 14ms, 995ms -> 995ms, 997ms -> 998ms, 1000ms -> 1001ms, 50.91 LDR mV | 7.76 lx | 995.65 hPa | 18.63 °C | 19.35 RH % | 0.00 CO vout raw | inf CO rs ohm
14ms -> 15ms, 995ms -> 996ms, 997ms -> 998ms, 1000ms -> 1001ms, 46.99 LDR mV | 7.24 lx | 995.72 hPa | 18.62 °C | 19.35 RH % | 0.00 CO vout raw | inf CO rs ohm
14ms -> 14ms, 995ms -> 995ms, 997ms -> 997ms, 1000ms -> 1000ms, 0.00 LDR mV | 0.00 lx | 995.70 hPa | 18.61 °C | 19.35 RH % | 0.00 CO vout raw | inf CO rs ohm
14ms -> 14ms, 995ms -> 995ms, 997ms -> 997ms, 1000ms -> 1000ms, 46.99 LDR mV | 7.24 lx | 995.59 hPa | 18.60 °C | 19.35 RH % | 0.00 CO vout raw | inf CO rs ohm
14ms -> 15ms, 995ms -> 996ms, 997ms -> 998ms, 1000ms -> 1001ms, 46.99 LDR mV | 7.24 lx | 995.75 hPa | 18.60 °C | 19.35 RH % | 0.00 CO vout raw | inf CO rs ohm
14ms -> 15ms, 995ms -> 996ms, 997ms -> 998ms, 1000ms -> 1001ms, 46.99 LDR mV | 7.24 lx | 995.64 hPa | 18.60 °C | 19.35 RH % | 0.00 CO vout raw | inf CO rs ohm
14ms -> 15ms, 995ms -> 996ms, 997ms -> 998ms, 1000ms -> 1001ms, 0.00 LDR mV | 0.00 lx | 995.64 hPa | 18.61 °C | 19.35 RH % | 0.00 CO vout raw | inf CO rs ohm
14ms -> 14ms, 995ms -> 995ms, 997ms -> 997ms, 1000ms -> 1000ms, 39.16 LDR mV | 6.32 lx | 995.59 hPa | 18.61 °C | 19.35 RH % | 0.00 CO vout raw | inf CO rs ohm
14ms -> 13ms, 995ms -> 994ms, 997ms -> 996ms, 1000ms -> 999ms, 43.08 LDR mV | 6.84 lx | 995.65 hPa | 18.62 °C | 19.35 RH % | 0.00 CO vout raw | inf CO rs ohm
14ms -> 13ms, 995ms -> 994ms, 997ms -> 996ms, 1000ms -> 999ms, 50.91 LDR mV | 7.76 lx | 995.65 hPa | 18.62 °C | 19.35 RH % | 0.00 CO vout raw | inf CO rs ohm
14ms -> 14ms, 995ms -> 995ms, 997ms -> 997ms, 1000ms -> 1000ms, 0.00 LDR mV | 0.00 lx | 995.69 hPa | 18.61 °C | 19.35 RH % | 0.00 CO vout raw | inf CO rs ohm
14ms -> 14ms, 995ms -> 995ms, 997ms -> 997ms, 1000ms -> 1000ms, 50.91 LDR mV | 7.76 lx | 995.68 hPa | 18.60 °C | 19.35 RH % | 0.00 CO vout raw | inf CO rs ohm
14ms -> 14ms, 995ms -> 995ms, 997ms -> 997ms, 1000ms -> 1000ms, 46.99 LDR mV | 7.24 lx | 995.64 hPa | 18.59 °C | 19.35 RH % | 0.00 CO vout raw | inf CO rs ohm
14ms -> 14ms, 995ms -> 995ms, 997ms -> 997ms, 1000ms -> 1000ms, 46.99 LDR mV | 7.24 lx | 995.64 hPa | 18.60 °C | 19.35 RH % | 0.00 CO vout raw | inf CO rs ohm
14ms -> 13ms, 995ms -> 994ms, 997ms -> 996ms, 1000ms -> 999ms, 0.00 LDR mV | 0.00 lx | 995.61 hPa | 18.59 °C | 19.35 RH % | 0.00 CO vout raw | inf CO rs ohm
14ms -> 14ms, 995ms -> 995ms, 997ms -> 997ms, 1000ms -> 1000ms, 0.00 LDR mV | 0.00 lx | 995.65 hPa | 18.59 °C | 19.35 RH % | 0.00 CO vout raw | inf CO rs ohm
14ms -> 14ms, 995ms -> 995ms, 997ms -> 997ms, 1000ms -> 1000ms, 35.24 LDR mV | 5.79 lx | 995.62 hPa | 18.61 °C | 19.35 RH % | 0.00 CO vout raw | inf CO rs ohm
14ms -> 14ms, 995ms -> 995ms, 997ms -> 997ms, 1000ms -> 1000ms, 27.41 LDR mV | 4.76 lx | 995.63 hPa | 18.63 °C | 19.35 RH % | 0.00 CO vout raw | inf CO rs ohm
14ms -> 14ms, 995ms -> 995ms, 997ms -> 997ms, 1000ms -> 1000ms, 0.00 LDR mV | 0.00 lx | 995.66 hPa | 18.63 °C | 19.35 RH % | 0.00 CO vout raw | inf CO rs ohm
14ms -> 14ms, 995ms -> 995ms, 997ms -> 997ms, 1000ms -> 1001ms, 23.50 LDR mV | 4.28 lx | 995.57 hPa | 18.65 °C | 20.43 RH % | 0.00 CO vout raw | inf CO rs ohm
14ms -> 13ms, 995ms -> 994ms, 997ms -> 996ms, 1000ms -> 1001ms, 11.75 LDR mV | 2.84 lx | 995.63 hPa | 18.64 °C | 19.35 RH % | 0.00 CO vout raw | inf CO rs ohm
14ms -> 14ms, 995ms -> 994ms, 997ms -> 997ms, 1000ms -> 1000ms, 31.33 LDR mV | 5.26 lx | 995.65 hPa | 18.65 °C | 19.35 RH % | 0.00 CO vout raw | inf CO rs ohm
14ms -> 15ms, 995ms -> 996ms, 997ms -> 998ms, 1000ms -> 1001ms, 39.16 LDR mV | 6.32 lx | 995.63 hPa | 18.65 °C | 19.35 RH % | 0.00 CO vout raw | inf CO rs ohm
14ms -> 15ms, 995ms -> 996ms, 997ms -> 998ms, 1000ms -> 1001ms, 0.00 LDR mV | 0.00 lx | 995.61 hPa | 18.70 °C | 19.35 RH % | 0.00 CO vout raw | inf CO rs ohm
14ms -> 15ms, 995ms -> 996ms, 997ms -> 998ms, 1000ms -> 1001ms, 39.16 LDR mV | 6.32 lx | 995.61 hPa | 18.74 °C | 19.35 RH % | 0.00 CO vout raw | inf CO rs ohm
14ms -> 15ms, 995ms -> 996ms, 997ms -> 998ms, 1000ms -> 1001ms, 50.91 LDR mV | 7.76 lx | 995.62 hPa | 18.74 °C | 19.35 RH % | 0.00 CO vout raw | inf CO rs ohm
14ms -> 15ms, 995ms -> 996ms, 997ms -> 998ms, 1000ms -> 1001ms, 43.08 LDR mV | 6.84 lx | 995.71 hPa | 18.72 °C | 18.28 RH % | 0.00 CO vout raw | inf CO rs ohm
14ms -> 14ms, 995ms -> 995ms, 997ms -> 997ms, 1000ms -> 1000ms, 19.58 LDR mV | 3.80 lx | 995.68 hPa | 18.73 °C | 18.28 RH % | 0.00 CO vout raw | inf CO rs ohm
14ms -> 13ms, 995ms -> 994ms, 997ms -> 996ms, 1000ms -> 999ms, 0.00 LDR mV | 0.00 lx | 995.63 hPa | 18.72 °C | 19.35 RH % | 0.00 CO vout raw | inf CO rs ohm
14ms -> 14ms, 995ms -> 995ms, 997ms -> 997ms, 1000ms -> 1000ms, 0.00 LDR mV | 0.00 lx | 995.63 hPa | 18.73 °C | 18.28 RH % | 0.00 CO vout raw | inf CO rs ohm
14ms -> 14ms, 995ms -> 995ms, 997ms -> 997ms, 1000ms -> 1000ms, 50.91 LDR mV | 7.76 lx | 995.64 hPa | 18.74 °C | 18.28 RH % | 0.00 CO vout raw | inf CO rs ohm
14ms -> 14ms, 995ms -> 995ms, 997ms -> 997ms, 1000ms -> 1000ms, 3.92 LDR mV | 1.67 lx | 995.61 hPa | 18.75 °C | 18.28 RH % | 0.00 CO vout raw | inf CO rs ohm
14ms -> 14ms, 995ms -> 995ms, 997ms -> 997ms, 1000ms -> 1000ms, 3.92 LDR mV | 1.67 lx | 995.69 hPa | 18.75 °C | 18.28 RH % | 1.00 CO vout raw | 10310407.00 CO rs ohm
14ms -> 14ms, 995ms -> 995ms, 997ms -> 997ms, 1000ms -> 1000ms, 0.00 LDR mV | 0.00 lx | 995.64 hPa | 18.76 °C | 18.28 RH % | 0.00 CO vout raw | inf CO rs ohm
14ms -> 14ms, 995ms -> 995ms, 997ms -> 997ms, 1000ms -> 1000ms, 50.91 LDR mV | 7.76 lx | 995.71 hPa | 18.75 °C | 18.28 RH % | 0.00 CO vout raw | inf CO rs ohm
14ms -> 14ms, 995ms -> 995ms, 997ms -> 997ms, 1000ms -> 1001ms, 58.74 LDR mV | 8.82 lx | 995.64 hPa | 18.75 °C | 18.28 RH % | 0.00 CO vout raw | inf CO rs ohm
14ms -> 13ms, 995ms -> 995ms, 997ms -> 996ms, 1000ms -> 1001ms, 58.74 LDR mV | 8.82 lx | 995.72 hPa | 18.76 °C | 18.28 RH % | 0.00 CO vout raw | inf CO rs ohm
14ms -> 13ms, 995ms -> 994ms, 997ms -> 997ms, 1000ms -> 1000ms, 54.82 LDR mV | 8.29 lx | 995.68 hPa | 18.75 °C | 18.28 RH % | 0.00 CO vout raw | inf CO rs ohm
14ms -> 14ms, 995ms -> 995ms, 997ms -> 997ms, 1000ms -> 1000ms, 54.82 LDR mV | 8.29 lx | 995.69 hPa | 18.77 °C | 18.28 RH % | 0.00 CO vout raw | inf CO rs ohm
14ms -> 15ms, 995ms -> 996ms, 997ms -> 998ms, 1000ms -> 1001ms, 0.00 LDR mV | 0.00 lx | 995.66 hPa | 18.76 °C | 18.28 RH % | 0.00 CO vout raw | inf CO rs ohm
14ms -> 15ms, 995ms -> 996ms, 997ms -> 998ms, 1000ms -> 1001ms, 3.92 LDR mV | 1.67 lx | 995.65 hPa | 18.79 °C | 18.28 RH % | 0.00 CO vout raw | inf CO rs ohm
14ms -> 15ms, 995ms -> 996ms, 997ms -> 998ms, 1000ms -> 1001ms, 15.66 LDR mV | 3.32 lx | 995.62 hPa | 18.88 °C | 18.28 RH % | 0.00 CO vout raw | inf CO rs ohm
14ms -> 15ms, 995ms -> 996ms, 997ms -> 998ms, 1000ms -> 1001ms, 0.00 LDR mV | 0.00 lx | 995.66 hPa | 18.87 °C | 21.51 RH % | 0.00 CO vout raw | inf CO rs ohm
14ms -> 15ms, 995ms -> 996ms, 997ms -> 998ms, 1000ms -> 1001ms, 0.00 LDR mV | 0.00 lx | 995.63 hPa | 18.92 °C | 19.35 RH % | 0.00 CO vout raw | inf CO rs ohm
14ms -> 14ms, 995ms -> 995ms, 997ms -> 997ms, 1000ms -> 1000ms, 3.92 LDR mV | 1.67 lx | 995.59 hPa | 18.97 °C | 19.35 RH % | 0.00 CO vout raw | inf CO rs ohm
14ms -> 13ms, 995ms -> 994ms, 997ms -> 996ms, 1000ms -> 999ms, 0.00 LDR mV | 0.00 lx | 995.62 hPa | 18.99 °C | 18.28 RH % | 0.00 CO vout raw | inf CO rs ohm
14ms -> 13ms, 995ms -> 994ms, 997ms -> 996ms, 1000ms -> 999ms, 23.50 LDR mV | 4.28 lx | 995.64 hPa | 19.01 °C | 18.28 RH % | 0.00 CO vout raw | inf CO rs ohm
14ms -> 14ms, 995ms -> 995ms, 997ms -> 997ms, 1000ms -> 1000ms, 35.24 LDR mV | 5.79 lx | 995.61 hPa | 19.04 °C | 18.28 RH % | 0.00 CO vout raw | inf CO rs ohm
14ms -> 14ms, 995ms -> 995ms, 997ms -> 997ms, 1000ms -> 1000ms, 7.83 LDR mV | 2.36 lx | 995.65 hPa | 19.05 °C | 18.28 RH % | 0.00 CO vout raw | inf CO rs ohm
14ms -> 14ms, 995ms -> 995ms, 997ms -> 997ms, 1000ms -> 1000ms, 19.58 LDR mV | 3.80 lx | 995.60 hPa | 19.10 °C | 18.28 RH % | 0.00 CO vout raw | inf CO rs ohm
14ms -> 14ms, 995ms -> 995ms, 997ms -> 997ms, 1000ms -> 1000ms, 3.92 LDR mV | 1.67 lx | 995.64 hPa | 19.13 °C | 18.28 RH % | 0.00 CO vout raw | inf CO rs ohm
14ms -> 14ms, 995ms -> 995ms, 997ms -> 997ms, 1000ms -> 1000ms, 7.83 LDR mV | 2.36 lx | 995.60 hPa | 19.16 °C | 18.28 RH % | 1.00 CO vout raw | 10310407.00 CO rs ohm
14ms -> 14ms, 995ms -> 995ms, 997ms -> 997ms, 1000ms -> 1000ms, 54.82 LDR mV | 8.29 lx | 995.58 hPa | 19.20 °C | 18.28 RH % | 0.00 CO vout raw | inf CO rs ohm
14ms -> 14ms, 995ms -> 995ms, 997ms -> 997ms, 1000ms -> 1001ms, 62.65 LDR mV | 9.34 lx | 995.63 hPa | 19.21 °C | 18.28 RH % | 0.00 CO vout raw | inf CO rs ohm
14ms -> 14ms, 995ms -> 995ms, 997ms -> 998ms, 1000ms -> 1001ms, 62.65 LDR mV | 9.34 lx | 995.67 hPa | 19.19 °C | 18.28 RH % | 0.00 CO vout raw | inf CO rs ohm
14ms -> 14ms, 995ms -> 995ms, 997ms -> 997ms, 1000ms -> 1000ms, 0.00 LDR mV | 0.00 lx | 995.67 hPa | 19.18 °C | 18.28 RH % | 0.00 CO vout raw | inf CO rs ohm
14ms -> 14ms, 995ms -> 995ms, 997ms -> 997ms, 1000ms -> 1000ms, 62.65 LDR mV | 9.34 lx | 995.70 hPa | 19.15 °C | 18.28 RH % | 0.00 CO vout raw | inf CO rs ohm
14ms -> 15ms, 995ms -> 996ms, 997ms -> 998ms, 1000ms -> 1001ms, 54.82 LDR mV | 8.29 lx | 995.63 hPa | 19.15 °C | 18.28 RH % | 0.00 CO vout raw | inf CO rs ohm
14ms -> 15ms, 995ms -> 996ms, 997ms -> 998ms, 1000ms -> 1001ms, 54.82 LDR mV | 8.29 lx | 995.62 hPa | 19.14 °C | 18.28 RH % | 0.00 CO vout raw | inf CO rs ohm
14ms -> 15ms, 995ms -> 996ms, 997ms -> 998ms, 1000ms -> 1001ms, 50.91 LDR mV | 7.76 lx | 995.60 hPa | 19.14 °C | 18.28 RH % | 0.00 CO vout raw | inf CO rs ohm
14ms -> 14ms, 995ms -> 995ms, 997ms -> 997ms, 1000ms -> 1000ms, 54.82 LDR mV | 8.29 lx | 995.64 hPa | 19.16 °C | 18.28 RH % | 0.00 CO vout raw | inf CO rs ohm
14ms -> 14ms, 995ms -> 995ms, 997ms -> 997ms, 1000ms -> 1000ms, 0.00 LDR mV | 0.00 lx | 995.56 hPa | 19.21 °C | 18.28 RH % | 0.00 CO vout raw | inf CO rs ohm
14ms -> 14ms, 995ms -> 995ms, 997ms -> 997ms, 1000ms -> 1000ms, 7.83 LDR mV | 2.36 lx | 995.56 hPa | 19.29 °C | 18.28 RH % | 0.00 CO vout raw | inf CO rs ohm
14ms -> 14ms, 995ms -> 995ms, 997ms -> 997ms, 1000ms -> 1000ms, 62.65 LDR mV | 9.34 lx | 995.66 hPa | 19.30 °C | 18.28 RH % | 0.00 CO vout raw | inf CO rs ohm
14ms -> 13ms, 995ms -> 994ms, 997ms -> 996ms, 1000ms -> 999ms, 58.74 LDR mV | 8.82 lx | 995.67 hPa | 19.30 °C | 18.28 RH % | 0.00 CO vout raw | inf CO rs ohm
14ms -> 13ms, 995ms -> 994ms, 997ms -> 996ms, 1000ms -> 999ms, 62.65 LDR mV | 9.34 lx | 995.73 hPa | 19.25 °C | 18.28 RH % | 0.00 CO vout raw | inf CO rs ohm
14ms -> 14ms, 995ms -> 995ms, 997ms -> 997ms, 1000ms -> 1000ms, 62.65 LDR mV | 9.34 lx | 995.66 hPa | 19.23 °C | 18.28 RH % | 0.00 CO vout raw | inf CO rs ohm
14ms -> 14ms, 995ms -> 995ms, 997ms -> 997ms, 1000ms -> 1000ms, 66.57 LDR mV | 9.87 lx | 995.63 hPa | 19.24 °C | 18.28 RH % | 0.00 CO vout raw | inf CO rs ohm
14ms -> 14ms, 995ms -> 995ms, 997ms -> 997ms, 1000ms -> 1000ms, 46.99 LDR mV | 7.24 lx | 995.73 hPa | 19.22 °C | 18.28 RH % | 0.00 CO vout raw | inf CO rs ohm
14ms -> 14ms, 995ms -> 995ms, 997ms -> 997ms, 1000ms -> 1000ms, 0.00 LDR mV | 0.00 lx | 995.69 hPa | 19.26 °C | 18.28 RH % | 0.00 CO vout raw | inf CO rs ohm
14ms -> 14ms, 995ms -> 995ms, 997ms -> 997ms, 1000ms -> 1000ms, 0.00 LDR mV | 0.00 lx | 995.47 hPa | 19.42 °C | 18.28 RH % | 0.00 CO vout raw | inf CO rs ohm
14ms -> 14ms, 995ms -> 995ms, 997ms -> 997ms, 1000ms -> 1001ms, 0.00 LDR mV | 0.00 lx | 995.74 hPa | 19.54 °C | 19.35 RH % | 0.00 CO vout raw | inf CO rs ohm
14ms -> 14ms, 995ms -> 995ms, 997ms -> 997ms, 1000ms -> 1001ms, 3.92 LDR mV | 1.67 lx | 995.50 hPa | 19.67 °C | 40.86 RH % | 0.00 CO vout raw | inf CO rs ohm
14ms -> 13ms, 995ms -> 994ms, 997ms -> 996ms, 1000ms -> 1001ms, 0.00 LDR mV | 0.00 lx | 995.57 hPa | 19.79 °C | 50.54 RH % | 1.00 CO vout raw | 10310407.00 CO rs ohm
14ms -> 15ms, 995ms -> 996ms, 997ms -> 998ms, 1000ms -> 1001ms, 3.92 LDR mV | 1.67 lx | 995.56 hPa | 19.89 °C | 55.91 RH % | 0.00 CO vout raw | inf CO rs ohm
14ms -> 14ms, 995ms -> 996ms, 997ms -> 997ms, 1000ms -> 1001ms, 3.92 LDR mV | 1.67 lx | 995.60 hPa | 20.02 °C | 64.52 RH % | 0.00 CO vout raw | inf CO rs ohm
14ms -> 15ms, 995ms -> 996ms, 997ms -> 998ms, 1000ms -> 1001ms, 3.92 LDR mV | 1.67 lx | 995.68 hPa | 20.13 °C | 67.74 RH % | 0.00 CO vout raw | inf CO rs ohm
14ms -> 14ms, 995ms -> 995ms, 997ms -> 997ms, 1000ms -> 1000ms, 0.00 LDR mV | 0.00 lx | 995.62 hPa | 20.25 °C | 68.82 RH % | 0.00 CO vout raw | inf CO rs ohm
14ms -> 13ms, 995ms -> 994ms, 997ms -> 996ms, 1000ms -> 999ms, 3.92 LDR mV | 1.67 lx | 995.62 hPa | 20.36 °C | 70.97 RH % | 0.00 CO vout raw | inf CO rs ohm
14ms -> 13ms, 995ms -> 994ms, 997ms -> 996ms, 1000ms -> 999ms, 0.00 LDR mV | 0.00 lx | 995.75 hPa | 20.48 °C | 74.19 RH % | 0.00 CO vout raw | inf CO rs ohm
14ms -> 13ms, 995ms -> 994ms, 997ms -> 996ms, 1000ms -> 999ms, 0.00 LDR mV | 0.00 lx | 995.78 hPa | 20.58 °C | 75.27 RH % | 0.00 CO vout raw | inf CO rs ohm
14ms -> 13ms, 995ms -> 994ms, 997ms -> 996ms, 1000ms -> 999ms, 0.00 LDR mV | 0.00 lx | 995.81 hPa | 20.69 °C | 76.34 RH % | 0.00 CO vout raw | inf CO rs ohm
14ms -> 13ms, 995ms -> 994ms, 997ms -> 996ms, 1000ms -> 999ms, 0.00 LDR mV | 0.00 lx | 995.71 hPa | 20.78 °C | 77.42 RH % | 0.00 CO vout raw | inf CO rs ohm
14ms -> 13ms, 995ms -> 994ms, 997ms -> 996ms, 1000ms -> 999ms, 0.00 LDR mV | 0.00 lx | 995.79 hPa | 20.86 °C | 79.57 RH % | 7.00 CO vout raw | 1464276.62 CO rs ohm
14ms -> 13ms, 995ms -> 994ms, 997ms -> 996ms, 1000ms -> 999ms, 7.83 LDR mV | 2.36 lx | 995.76 hPa | 20.96 °C | 82.80 RH % | 0.00 CO vout raw | inf CO rs ohm
14ms -> 13ms, 995ms -> 994ms, 997ms -> 996ms, 1000ms -> 999ms, 7.83 LDR mV | 2.36 lx | 995.82 hPa | 21.05 °C | 83.87 RH % | 0.00 CO vout raw | inf CO rs ohm
14ms -> 14ms, 995ms -> 995ms, 997ms -> 997ms, 1000ms -> 1000ms, 3.92 LDR mV | 1.67 lx | 995.67 hPa | 21.15 °C | 84.95 RH % | 0.00 CO vout raw | inf CO rs ohm
14ms -> 13ms, 995ms -> 994ms, 997ms -> 996ms, 1000ms -> 1000ms, 0.00 LDR mV | 0.00 lx | 995.82 hPa | 21.22 °C | 87.10 RH % | 1.00 CO vout raw | 10310407.00 CO rs ohm
14ms -> 14ms, 995ms -> 995ms, 997ms -> 998ms, 1000ms -> 1001ms, 7.83 LDR mV | 2.36 lx | 995.83 hPa | 21.29 °C | 89.25 RH % | 0.00 CO vout raw | inf CO rs ohm
14ms -> 15ms, 995ms -> 995ms, 997ms -> 998ms, 1000ms -> 1001ms, 0.00 LDR mV | 0.00 lx | 995.81 hPa | 21.33 °C | 89.25 RH % | 0.00 CO vout raw | inf CO rs ohm
14ms -> 15ms, 995ms -> 996ms, 997ms -> 998ms, 1000ms -> 1001ms, 3.92 LDR mV | 1.67 lx | 995.88 hPa | 21.39 °C | 90.32 RH % | 0.00 CO vout raw | inf CO rs ohm
14ms -> 15ms, 995ms -> 996ms, 997ms -> 998ms, 1000ms -> 1001ms, 3.92 LDR mV | 1.67 lx | 995.73 hPa | 21.46 °C | 90.32 RH % | 0.00 CO vout raw | inf CO rs ohm
14ms -> 15ms, 995ms -> 996ms, 997ms -> 998ms, 1000ms -> 1001ms, 3.92 LDR mV | 1.67 lx | 995.77 hPa | 21.51 °C | 93.55 RH % | 0.00 CO vout raw | inf CO rs ohm
14ms -> 15ms, 995ms -> 996ms, 997ms -> 998ms, 1000ms -> 1001ms, 3.92 LDR mV | 1.67 lx | 995.80 hPa | 21.59 °C | 93.55 RH % | 6.00 CO vout raw | 1710002.50 CO rs ohm
14ms -> 15ms, 995ms -> 996ms, 997ms -> 998ms, 1000ms -> 1001ms, 0.00 LDR mV | 0.00 lx | 995.74 hPa | 21.63 °C | 93.55 RH % | 0.00 CO vout raw | inf CO rs ohm
14ms -> 13ms, 995ms -> 994ms, 997ms -> 996ms, 1000ms -> 999ms, 7.83 LDR mV | 2.36 lx | 995.80 hPa | 21.68 °C | 93.55 RH % | 0.00 CO vout raw | inf CO rs ohm
14ms -> 13ms, 995ms -> 994ms, 997ms -> 996ms, 1000ms -> 999ms, 7.83 LDR mV | 2.36 lx | 995.83 hPa | 21.74 °C | 95.70 RH % | 0.00 CO vout raw | inf CO rs ohm
14ms -> 14ms, 995ms -> 995ms, 997ms -> 997ms, 1000ms -> 1000ms, 3.92 LDR mV | 1.67 lx | 995.82 hPa | 21.79 °C | 95.70 RH % | 0.00 CO vout raw | inf CO rs ohm
14ms -> 14ms, 995ms -> 995ms, 997ms -> 997ms, 1000ms -> 1000ms, 3.92 LDR mV | 1.67 lx | 995.77 hPa | 21.84 °C | 95.70 RH % | 0.00 CO vout raw | inf CO rs ohm
14ms -> 14ms, 995ms -> 995ms, 997ms -> 997ms, 1000ms -> 1000ms, 3.92 LDR mV | 1.67 lx | 995.78 hPa | 21.88 °C | 95.70 RH % | 0.00 CO vout raw | inf CO rs ohm
14ms -> 14ms, 995ms -> 995ms, 997ms -> 997ms, 1000ms -> 1000ms, 7.83 LDR mV | 2.36 lx | 995.81 hPa | 21.92 °C | 95.70 RH % | 0.00 CO vout raw | inf CO rs ohm
14ms -> 14ms, 995ms -> 995ms, 997ms -> 997ms, 1000ms -> 1000ms, 3.92 LDR mV | 1.67 lx | 995.87 hPa | 21.95 °C | 95.70 RH % | 0.00 CO vout raw | inf CO rs ohm
14ms -> 14ms, 995ms -> 995ms, 997ms -> 997ms, 1000ms -> 1000ms, 3.92 LDR mV | 1.67 lx | 995.81 hPa | 21.99 °C | 95.70 RH % | 0.00 CO vout raw | inf CO rs ohm
14ms -> 14ms, 995ms -> 995ms, 997ms -> 997ms, 1000ms -> 1000ms, 0.00 LDR mV | 0.00 lx | 995.76 hPa | 22.02 °C | 95.70 RH % | 0.00 CO vout raw | inf CO rs ohm
14ms -> 14ms, 995ms -> 995ms, 997ms -> 997ms, 1000ms -> 1000ms, 3.92 LDR mV | 1.67 lx | 995.82 hPa | 22.05 °C | 96.77 RH % | 1.00 CO vout raw | 10310407.00 CO rs ohm
14ms -> 15ms, 995ms -> 996ms, 997ms -> 998ms, 1000ms -> 1001ms, 0.00 LDR mV | 0.00 lx | 995.85 hPa | 22.09 °C | 96.77 RH % | 0.00 CO vout raw | inf CO rs ohm
14ms -> 15ms, 995ms -> 996ms, 997ms -> 998ms, 1000ms -> 1001ms, 0.00 LDR mV | 0.00 lx | 995.85 hPa | 22.11 °C | 96.77 RH % | 0.00 CO vout raw | inf CO rs ohm
14ms -> 15ms, 995ms -> 996ms, 997ms -> 998ms, 1000ms -> 1001ms, 0.00 LDR mV | 0.00 lx | 995.85 hPa | 22.13 °C | 97.85 RH % | 0.00 CO vout raw | inf CO rs ohm
14ms -> 15ms, 995ms -> 996ms, 997ms -> 998ms, 1000ms -> 1001ms, 7.83 LDR mV | 2.36 lx | 995.84 hPa | 22.17 °C | 97.85 RH % | 0.00 CO vout raw | inf CO rs ohm
14ms -> 15ms, 995ms -> 996ms, 997ms -> 998ms, 1000ms -> 1001ms, 3.92 LDR mV | 1.67 lx | 995.83 hPa | 22.20 °C | 96.77 RH % | 0.00 CO vout raw | inf CO rs ohm
14ms -> 14ms, 995ms -> 995ms, 997ms -> 997ms, 1000ms -> 1000ms, 3.92 LDR mV | 1.67 lx | 995.91 hPa | 22.23 °C | 96.77 RH % | 0.00 CO vout raw | inf CO rs ohm
14ms -> 14ms, 995ms -> 995ms, 997ms -> 997ms, 1000ms -> 1000ms, 0.00 LDR mV | 0.00 lx | 995.82 hPa | 22.24 °C | 96.77 RH % | 0.00 CO vout raw | inf CO rs ohm
14ms -> 13ms, 995ms -> 994ms, 997ms -> 996ms, 1000ms -> 999ms, 0.00 LDR mV | 0.00 lx | 995.81 hPa | 22.26 °C | 96.77 RH % | 1.00 CO vout raw | 10310407.00 CO rs ohm
14ms -> 13ms, 995ms -> 994ms, 997ms -> 996ms, 1000ms -> 1000ms, 7.83 LDR mV | 2.36 lx | 995.85 hPa | 22.29 °C | 96.77 RH % | 0.00 CO vout raw | inf CO rs ohm
14ms -> 13ms, 995ms -> 995ms, 997ms -> 996ms, 1000ms -> 1000ms, 0.00 LDR mV | 0.00 lx | 995.82 hPa | 22.31 °C | 96.77 RH % | 0.00 CO vout raw | inf CO rs ohm
14ms -> 14ms, 995ms -> 995ms, 997ms -> 997ms, 1000ms -> 1000ms, 3.92 LDR mV | 1.67 lx | 995.82 hPa | 22.33 °C | 96.77 RH % | 0.00 CO vout raw | inf CO rs ohm
14ms -> 14ms, 995ms -> 995ms, 997ms -> 997ms, 1000ms -> 1000ms, 3.92 LDR mV | 1.67 lx | 995.86 hPa | 22.34 °C | 96.77 RH % | 0.00 CO vout raw | inf CO rs ohm
14ms -> 14ms, 995ms -> 995ms, 997ms -> 997ms, 1000ms -> 1000ms, 3.92 LDR mV | 1.67 lx | 995.85 hPa | 22.36 °C | 96.77 RH % | 0.00 CO vout raw | inf CO rs ohm
14ms -> 14ms, 995ms -> 995ms, 997ms -> 997ms, 1000ms -> 1000ms, 0.00 LDR mV | 0.00 lx | 995.83 hPa | 22.37 °C | 96.77 RH % | 0.00 CO vout raw | inf CO rs ohm
14ms -> 14ms, 995ms -> 995ms, 997ms -> 997ms, 1000ms -> 1000ms, 3.92 LDR mV | 1.67 lx | 995.79 hPa | 22.39 °C | 96.77 RH % | 1.00 CO vout raw | 10310407.00 CO rs ohm
14ms -> 14ms, 995ms -> 995ms, 997ms -> 997ms, 1000ms -> 1001ms, 0.00 LDR mV | 0.00 lx | 995.87 hPa | 22.40 °C | 96.77 RH % | 0.00 CO vout raw | inf CO rs ohm
14ms -> 14ms, 995ms -> 995ms, 997ms -> 998ms, 1000ms -> 1001ms, 3.92 LDR mV | 1.67 lx | 995.84 hPa | 22.40 °C | 96.77 RH % | 0.00 CO vout raw | inf CO rs ohm
14ms -> 15ms, 995ms -> 996ms, 997ms -> 998ms, 1000ms -> 1001ms, 0.00 LDR mV | 0.00 lx | 995.83 hPa | 22.42 °C | 96.77 RH % | 0.00 CO vout raw | inf CO rs ohm
14ms -> 15ms, 995ms -> 996ms, 997ms -> 998ms, 1000ms -> 1001ms, 3.92 LDR mV | 1.67 lx | 995.81 hPa | 22.43 °C | 96.77 RH % | 0.00 CO vout raw | inf CO rs ohm
14ms -> 15ms, 995ms -> 996ms, 997ms -> 998ms, 1000ms -> 1001ms, 0.00 LDR mV | 0.00 lx | 995.82 hPa | 22.44 °C | 96.77 RH % | 0.00 CO vout raw | inf CO rs ohm
14ms -> 14ms, 995ms -> 995ms, 997ms -> 997ms, 1000ms -> 1000ms, 3.92 LDR mV | 1.67 lx | 995.84 hPa | 22.45 °C | 96.77 RH % | 1.00 CO vout raw | 10310407.00 CO rs ohm
14ms -> 13ms, 995ms -> 994ms, 997ms -> 996ms, 1000ms -> 999ms, 0.00 LDR mV | 0.00 lx | 995.86 hPa | 22.46 °C | 96.77 RH % | 0.00 CO vout raw | inf CO rs ohm
14ms -> 13ms, 995ms -> 994ms, 997ms -> 996ms, 1000ms -> 999ms, 0.00 LDR mV | 0.00 lx | 995.79 hPa | 22.47 °C | 96.77 RH % | 0.00 CO vout raw | inf CO rs ohm
14ms -> 13ms, 995ms -> 994ms, 997ms -> 996ms, 1000ms -> 999ms, 0.00 LDR mV | 0.00 lx | 995.89 hPa | 22.49 °C | 97.85 RH % | 2.00 CO vout raw | 5150164.50 CO rs ohm
14ms -> 14ms, 995ms -> 995ms, 997ms -> 997ms, 1000ms -> 1000ms, 3.92 LDR mV | 1.67 lx | 995.87 hPa | 22.49 °C | 96.77 RH % | 0.00 CO vout raw | inf CO rs ohm
14ms -> 14ms, 995ms -> 995ms, 997ms -> 997ms, 1000ms -> 1000ms, 0.00 LDR mV | 0.00 lx | 995.85 hPa | 22.49 °C | 97.85 RH % | 0.00 CO vout raw | inf CO rs ohm
14ms -> 14ms, 995ms -> 995ms, 997ms -> 997ms, 1000ms -> 1000ms, 3.92 LDR mV | 1.67 lx | 995.82 hPa | 22.50 °C | 97.85 RH % | 0.00 CO vout raw | inf CO rs ohm
14ms -> 14ms, 995ms -> 995ms, 997ms -> 997ms, 1000ms -> 1000ms, 0.00 LDR mV | 0.00 lx | 995.83 hPa | 22.50 °C | 97.85 RH % | 0.00 CO vout raw | inf CO rs ohm
14ms -> 14ms, 995ms -> 995ms, 997ms -> 997ms, 1000ms -> 1000ms, 0.00 LDR mV | 0.00 lx | 995.86 hPa | 22.51 °C | 97.85 RH % | 0.00 CO vout raw | inf CO rs ohm
14ms -> 14ms, 995ms -> 995ms, 997ms -> 997ms, 1000ms -> 1000ms, 3.92 LDR mV | 1.67 lx | 995.91 hPa | 22.51 °C | 97.85 RH % | 0.00 CO vout raw | inf CO rs ohm
14ms -> 14ms, 995ms -> 995ms, 997ms -> 997ms, 1000ms -> 1000ms, 3.92 LDR mV | 1.67 lx | 995.85 hPa | 22.51 °C | 97.85 RH % | 0.00 CO vout raw | inf CO rs ohm
14ms -> 14ms, 995ms -> 995ms, 997ms -> 997ms, 1000ms -> 1000ms, 7.83 LDR mV | 2.36 lx | 995.85 hPa | 22.51 °C | 97.85 RH % | 0.00 CO vout raw | inf CO rs ohm
14ms -> 14ms, 995ms -> 995ms, 997ms -> 997ms, 1000ms -> 1000ms, 3.92 LDR mV | 1.67 lx | 995.93 hPa | 22.52 °C | 97.85 RH % | 0.00 CO vout raw | inf CO rs ohm
14ms -> 14ms, 995ms -> 995ms, 997ms -> 997ms, 1000ms -> 1001ms, 3.92 LDR mV | 1.67 lx | 995.87 hPa | 22.52 °C | 97.85 RH % | 0.00 CO vout raw | inf CO rs ohm
14ms -> 13ms, 995ms -> 994ms, 997ms -> 996ms, 1000ms -> 1000ms, 3.92 LDR mV | 1.67 lx | 995.88 hPa | 22.52 °C | 97.85 RH % | 0.00 CO vout raw | inf CO rs ohm
14ms -> 14ms, 995ms -> 994ms, 997ms -> 997ms, 1000ms -> 1000ms, 7.83 LDR mV | 2.36 lx | 995.84 hPa | 22.52 °C | 97.85 RH % | 0.00 CO vout raw | inf CO rs ohm
14ms -> 14ms, 995ms -> 995ms, 997ms -> 997ms, 1000ms -> 1000ms, 0.00 LDR mV | 0.00 lx | 995.90 hPa | 22.51 °C | 97.85 RH % | 0.00 CO vout raw | inf CO rs ohm
14ms -> 14ms, 995ms -> 995ms, 997ms -> 997ms, 1000ms -> 1000ms, 3.92 LDR mV | 1.67 lx | 995.89 hPa | 22.51 °C | 97.85 RH % | 8.00 CO vout raw | 1279982.12 CO rs ohm
14ms -> 15ms, 995ms -> 996ms, 997ms -> 998ms, 1000ms -> 1001ms, 0.00 LDR mV | 0.00 lx | 995.91 hPa | 22.51 °C | 97.85 RH % | 0.00 CO vout raw | inf CO rs ohm
14ms -> 14ms, 995ms -> 995ms, 997ms -> 997ms, 1000ms -> 1000ms, 3.92 LDR mV | 1.67 lx | 995.91 hPa | 22.50 °C | 97.85 RH % | 0.00 CO vout raw | inf CO rs ohm
14ms -> 14ms, 995ms -> 995ms, 997ms -> 997ms, 1000ms -> 1000ms, 0.00 LDR mV | 0.00 lx | 995.83 hPa | 22.49 °C | 97.85 RH % | 0.00 CO vout raw | inf CO rs ohm
14ms -> 14ms, 995ms -> 995ms, 997ms -> 997ms, 1000ms -> 1000ms, 3.92 LDR mV | 1.67 lx | 995.93 hPa | 22.49 °C | 97.85 RH % | 0.00 CO vout raw | inf CO rs ohm
14ms -> 14ms, 995ms -> 995ms, 997ms -> 997ms, 1000ms -> 1000ms, 0.00 LDR mV | 0.00 lx | 995.87 hPa | 22.47 °C | 97.85 RH % | 0.00 CO vout raw | inf CO rs ohm
14ms -> 14ms, 995ms -> 995ms, 997ms -> 997ms, 1000ms -> 1000ms, 7.83 LDR mV | 2.36 lx | 995.90 hPa | 22.47 °C | 97.85 RH % | 0.00 CO vout raw | inf CO rs ohm
14ms -> 14ms, 995ms -> 995ms, 997ms -> 997ms, 1000ms -> 1000ms, 3.92 LDR mV | 1.67 lx | 995.89 hPa | 22.46 °C | 97.85 RH % | 0.00 CO vout raw | inf CO rs ohm
14ms -> 14ms, 995ms -> 995ms, 997ms -> 997ms, 1000ms -> 1000ms, 3.92 LDR mV | 1.67 lx | 995.88 hPa | 22.45 °C | 97.85 RH % | 0.00 CO vout raw | inf CO rs ohm
14ms -> 14ms, 995ms -> 995ms, 997ms -> 997ms, 1000ms -> 1000ms, 0.00 LDR mV | 0.00 lx | 995.83 hPa | 22.44 °C | 97.85 RH % | 1.00 CO vout raw | 10310407.00 CO rs ohm
14ms -> 13ms, 995ms -> 994ms, 997ms -> 996ms, 1000ms -> 999ms, 3.92 LDR mV | 1.67 lx | 995.90 hPa | 22.43 °C | 97.85 RH % | 0.00 CO vout raw | inf CO rs ohm
14ms -> 13ms, 995ms -> 994ms, 997ms -> 996ms, 1000ms -> 999ms, 3.92 LDR mV | 1.67 lx | 995.85 hPa | 22.42 °C | 97.85 RH % | 0.00 CO vout raw | inf CO rs ohm
14ms -> 13ms, 995ms -> 994ms, 997ms -> 996ms, 1000ms -> 999ms, 0.00 LDR mV | 0.00 lx | 995.92 hPa | 22.41 °C | 97.85 RH % | 0.00 CO vout raw | inf CO rs ohm
14ms -> 13ms, 995ms -> 994ms, 997ms -> 996ms, 1000ms -> 1000ms, 3.92 LDR mV | 1.67 lx | 995.95 hPa | 22.40 °C | 97.85 RH % | 0.00 CO vout raw | inf CO rs ohm
14ms -> 13ms, 995ms -> 994ms, 997ms -> 996ms, 1000ms -> 1000ms, 0.00 LDR mV | 0.00 lx | 995.88 hPa | 22.39 °C | 97.85 RH % | 2.00 CO vout raw | 5150164.50 CO rs ohm
14ms -> 15ms, 995ms -> 996ms, 997ms -> 998ms, 1000ms -> 1001ms, 0.00 LDR mV | 0.00 lx | 995.87 hPa | 22.38 °C | 97.85 RH % | 0.00 CO vout raw | inf CO rs ohm
14ms -> 15ms, 995ms -> 996ms, 997ms -> 998ms, 1000ms -> 1001ms, 3.92 LDR mV | 1.67 lx | 995.85 hPa | 22.37 °C | 97.85 RH % | 0.00 CO vout raw | inf CO rs ohm
14ms -> 15ms, 995ms -> 996ms, 997ms -> 998ms, 1000ms -> 1001ms, 0.00 LDR mV | 0.00 lx | 995.91 hPa | 22.36 °C | 97.85 RH % | 0.00 CO vout raw | inf CO rs ohm
14ms -> 15ms, 995ms -> 996ms, 997ms -> 998ms, 1000ms -> 1001ms, 3.92 LDR mV | 1.67 lx | 995.96 hPa | 22.35 °C | 97.85 RH % | 0.00 CO vout raw | inf CO rs ohm
14ms -> 15ms, 995ms -> 996ms, 997ms -> 998ms, 1000ms -> 1001ms, 0.00 LDR mV | 0.00 lx | 995.89 hPa | 22.34 °C | 97.85 RH % | 0.00 CO vout raw | inf CO rs ohm
14ms -> 15ms, 995ms -> 996ms, 997ms -> 998ms, 1000ms -> 1001ms, 3.92 LDR mV | 1.67 lx | 995.94 hPa | 22.32 °C | 97.85 RH % | 0.00 CO vout raw | inf CO rs ohm
14ms -> 14ms, 995ms -> 995ms, 997ms -> 997ms, 1000ms -> 1000ms, 0.00 LDR mV | 0.00 lx | 995.87 hPa | 22.32 °C | 97.85 RH % | 4.00 CO vout raw | 2570043.00 CO rs ohm
14ms -> 14ms, 995ms -> 995ms, 997ms -> 997ms, 1000ms -> 1000ms, 0.00 LDR mV | 0.00 lx | 996.00 hPa | 22.29 °C | 97.85 RH % | 0.00 CO vout raw | inf CO rs ohm
14ms -> 14ms, 995ms -> 995ms, 997ms -> 997ms, 1000ms -> 1000ms, 11.75 LDR mV | 2.84 lx | 995.88 hPa | 22.29 °C | 97.85 RH % | 0.00 CO vout raw | inf CO rs ohm
14ms -> 13ms, 995ms -> 994ms, 997ms -> 996ms, 1000ms -> 999ms, 3.92 LDR mV | 1.67 lx | 995.90 hPa | 22.27 °C | 97.85 RH % | 0.00 CO vout raw | inf CO rs ohm
14ms -> 13ms, 995ms -> 994ms, 997ms -> 996ms, 1000ms -> 999ms, 7.83 LDR mV | 2.36 lx | 995.92 hPa | 22.26 °C | 97.85 RH % | 0.00 CO vout raw | inf CO rs ohm
14ms -> 13ms, 995ms -> 994ms, 997ms -> 996ms, 1000ms -> 999ms, 7.83 LDR mV | 2.36 lx | 995.91 hPa | 22.24 °C | 97.85 RH % | 0.00 CO vout raw | inf CO rs ohm
14ms -> 13ms, 995ms -> 994ms, 997ms -> 996ms, 1000ms -> 999ms, 3.92 LDR mV | 1.67 lx | 995.95 hPa | 22.23 °C | 97.85 RH % | 0.00 CO vout raw | inf CO rs ohm
14ms -> 13ms, 995ms -> 995ms, 997ms -> 996ms, 1000ms -> 1000ms, 3.92 LDR mV | 1.67 lx | 995.91 hPa | 22.22 °C | 97.85 RH % | 0.00 CO vout raw | inf CO rs ohm
14ms -> 14ms, 995ms -> 995ms, 997ms -> 997ms, 1000ms -> 1000ms, 3.92 LDR mV | 1.67 lx | 995.92 hPa | 22.20 °C | 97.85 RH % | 0.00 CO vout raw | inf CO rs ohm
14ms -> 14ms, 995ms -> 995ms, 997ms -> 997ms, 1000ms -> 1000ms, 3.92 LDR mV | 1.67 lx | 995.94 hPa | 22.18 °C | 97.85 RH % | 0.00 CO vout raw | inf CO rs ohm
14ms -> 14ms, 995ms -> 995ms, 997ms -> 997ms, 1000ms -> 1000ms, 0.00 LDR mV | 0.00 lx | 995.87 hPa | 22.17 °C | 97.85 RH % | 0.00 CO vout raw | inf CO rs ohm
14ms -> 14ms, 995ms -> 995ms, 997ms -> 997ms, 1000ms -> 1000ms, 3.92 LDR mV | 1.67 lx | 995.94 hPa | 22.15 °C | 97.85 RH % | 0.00 CO vout raw | inf CO rs ohm
14ms -> 14ms, 995ms -> 995ms, 997ms -> 997ms, 1000ms -> 1001ms, 7.83 LDR mV | 2.36 lx | 995.89 hPa | 22.14 °C | 97.85 RH % | 0.00 CO vout raw | inf CO rs ohm
14ms -> 14ms, 995ms -> 995ms, 997ms -> 997ms, 1000ms -> 1001ms, 3.92 LDR mV | 1.67 lx | 995.96 hPa | 22.12 °C | 97.85 RH % | 0.00 CO vout raw | inf CO rs ohm
14ms -> 14ms, 995ms -> 995ms, 997ms -> 998ms, 1000ms -> 1001ms, 7.83 LDR mV | 2.36 lx | 995.98 hPa | 22.11 °C | 97.85 RH % | 0.00 CO vout raw | inf CO rs ohm
14ms -> 15ms, 995ms -> 996ms, 997ms -> 998ms, 1000ms -> 1001ms, 3.92 LDR mV | 1.67 lx | 995.98 hPa | 22.09 °C | 97.85 RH % | 0.00 CO vout raw | inf CO rs ohm
14ms -> 15ms, 995ms -> 996ms, 997ms -> 998ms, 1000ms -> 1001ms, 0.00 LDR mV | 0.00 lx | 995.91 hPa | 22.09 °C | 97.85 RH % | 0.00 CO vout raw | inf CO rs ohm
14ms -> 14ms, 995ms -> 995ms, 997ms -> 997ms, 1000ms -> 1000ms, 3.92 LDR mV | 1.67 lx | 995.93 hPa | 22.07 °C | 97.85 RH % | 0.00 CO vout raw | inf CO rs ohm
14ms -> 14ms, 995ms -> 995ms, 997ms -> 997ms, 1000ms -> 1000ms, 0.00 LDR mV | 0.00 lx | 996.04 hPa | 22.05 °C | 97.85 RH % | 0.00 CO vout raw | inf CO rs ohm
14ms -> 14ms, 995ms -> 996ms, 997ms -> 997ms, 1000ms -> 1001ms, 7.83 LDR mV | 2.36 lx | 995.93 hPa | 22.04 °C | 97.85 RH % | 0.00 CO vout raw | inf CO rs ohm
14ms -> 15ms, 995ms -> 996ms, 997ms -> 998ms, 1000ms -> 1001ms, 0.00 LDR mV | 0.00 lx | 995.94 hPa | 22.01 °C | 97.85 RH % | 0.00 CO vout raw | inf CO rs ohm
14ms -> 15ms, 995ms -> 996ms, 997ms -> 998ms, 1000ms -> 1001ms, 7.83 LDR mV | 2.36 lx | 995.94 hPa | 22.00 °C | 97.85 RH % | 0.00 CO vout raw | inf CO rs ohm
14ms -> 15ms, 995ms -> 996ms, 997ms -> 998ms, 1000ms -> 1001ms, 0.00 LDR mV | 0.00 lx | 995.93 hPa | 21.99 °C | 97.85 RH % | 0.00 CO vout raw | inf CO rs ohm
14ms -> 15ms, 995ms -> 996ms, 997ms -> 998ms, 1000ms -> 1001ms, 3.92 LDR mV | 1.67 lx | 995.94 hPa | 21.97 °C | 97.85 RH % | 0.00 CO vout raw | inf CO rs ohm
14ms -> 14ms, 995ms -> 995ms, 997ms -> 997ms, 1000ms -> 1000ms, 0.00 LDR mV | 0.00 lx | 995.90 hPa | 21.95 °C | 97.85 RH % | 0.00 CO vout raw | inf CO rs ohm
14ms -> 14ms, 995ms -> 995ms, 997ms -> 997ms, 1000ms -> 1000ms, 3.92 LDR mV | 1.67 lx | 995.90 hPa | 21.93 °C | 97.85 RH % | 0.00 CO vout raw | inf CO rs ohm
14ms -> 14ms, 995ms -> 995ms, 997ms -> 997ms, 1000ms -> 1000ms, 0.00 LDR mV | 0.00 lx | 995.89 hPa | 21.92 °C | 97.85 RH % | 0.00 CO vout raw | inf CO rs ohm
14ms -> 13ms, 995ms -> 994ms, 997ms -> 996ms, 1000ms -> 999ms, 3.92 LDR mV | 1.67 lx | 995.95 hPa | 21.89 °C | 96.77 RH % | 0.00 CO vout raw | inf CO rs ohm
14ms -> 13ms, 995ms -> 994ms, 997ms -> 996ms, 1000ms -> 999ms, 3.92 LDR mV | 1.67 lx | 995.88 hPa | 21.88 °C | 97.85 RH % | 0.00 CO vout raw | inf CO rs ohm
14ms -> 13ms, 995ms -> 994ms, 997ms -> 996ms, 1000ms -> 999ms, 7.83 LDR mV | 2.36 lx | 995.88 hPa | 21.87 °C | 97.85 RH % | 0.00 CO vout raw | inf CO rs ohm
14ms -> 14ms, 995ms -> 995ms, 997ms -> 997ms, 1000ms -> 1000ms, 7.83 LDR mV | 2.36 lx | 995.86 hPa | 21.85 °C | 97.85 RH % | 0.00 CO vout raw | inf CO rs ohm
14ms -> 14ms, 995ms -> 995ms, 997ms -> 997ms, 1000ms -> 1000ms, 0.00 LDR mV | 0.00 lx | 995.92 hPa | 21.84 °C | 96.77 RH % | 0.00 CO vout raw | inf CO rs ohm
14ms -> 14ms, 995ms -> 995ms, 997ms -> 997ms, 1000ms -> 1000ms, 7.83 LDR mV | 2.36 lx | 995.88 hPa | 21.82 °C | 96.77 RH % | 0.00 CO vout raw | inf CO rs ohm
14ms -> 14ms, 995ms -> 995ms, 997ms -> 997ms, 1000ms -> 1000ms, 0.00 LDR mV | 0.00 lx | 995.91 hPa | 21.81 °C | 96.77 RH % | 0.00 CO vout raw | inf CO rs ohm
14ms -> 14ms, 995ms -> 995ms, 997ms -> 997ms, 1000ms -> 1000ms, 7.83 LDR mV | 2.36 lx | 995.93 hPa | 21.79 °C | 96.77 RH % | 0.00 CO vout raw | inf CO rs ohm
14ms -> 14ms, 995ms -> 995ms, 997ms -> 997ms, 1000ms -> 1000ms, 0.00 LDR mV | 0.00 lx | 995.83 hPa | 21.78 °C | 96.77 RH % | 0.00 CO vout raw | inf CO rs ohm
14ms -> 14ms, 995ms -> 995ms, 997ms -> 997ms, 1000ms -> 1000ms, 3.92 LDR mV | 1.67 lx | 995.97 hPa | 21.76 °C | 95.70 RH % | 0.00 CO vout raw | inf CO rs ohm
14ms -> 14ms, 995ms -> 995ms, 997ms -> 997ms, 1000ms -> 1000ms, 0.00 LDR mV | 0.00 lx | 995.83 hPa | 21.74 °C | 95.70 RH % | 0.00 CO vout raw | inf CO rs ohm
14ms -> 14ms, 995ms -> 995ms, 997ms -> 997ms, 1000ms -> 1000ms, 3.92 LDR mV | 1.67 lx | 995.91 hPa | 21.73 °C | 95.70 RH % | 0.00 CO vout raw | inf CO rs ohm
14ms -> 14ms, 995ms -> 995ms, 997ms -> 997ms, 1000ms -> 1000ms, 0.00 LDR mV | 0.00 lx | 995.91 hPa | 21.72 °C | 95.70 RH % | 6.00 CO vout raw | 1710002.50 CO rs ohm
14ms -> 15ms, 995ms -> 996ms, 997ms -> 998ms, 1000ms -> 1001ms, 0.00 LDR mV | 0.00 lx | 995.90 hPa | 21.69 °C | 95.70 RH % | 0.00 CO vout raw | inf CO rs ohm
14ms -> 15ms, 995ms -> 996ms, 997ms -> 998ms, 1000ms -> 1001ms, 3.92 LDR mV | 1.67 lx | 995.90 hPa | 21.68 °C | 95.70 RH % | 0.00 CO vout raw | inf CO rs ohm
14ms -> 15ms, 995ms -> 996ms, 997ms -> 998ms, 1000ms -> 1001ms, 0.00 LDR mV | 0.00 lx | 995.91 hPa | 21.67 °C | 95.70 RH % | 0.00 CO vout raw | inf CO rs ohm
14ms -> 15ms, 995ms -> 996ms, 997ms -> 998ms, 1000ms -> 1001ms, 3.92 LDR mV | 1.67 lx | 995.86 hPa | 21.67 °C | 95.70 RH % | 0.00 CO vout raw | inf CO rs ohm
14ms -> 15ms, 995ms -> 996ms, 997ms -> 998ms, 1000ms -> 1001ms, 3.92 LDR mV | 1.67 lx | 995.92 hPa | 21.65 °C | 95.70 RH % | 0.00 CO vout raw | inf CO rs ohm
14ms -> 15ms, 995ms -> 996ms, 997ms -> 998ms, 1000ms -> 1001ms, 3.92 LDR mV | 1.67 lx | 995.92 hPa | 21.63 °C | 95.70 RH % | 0.00 CO vout raw | inf CO rs ohm
14ms -> 15ms, 995ms -> 996ms, 997ms -> 998ms, 1000ms -> 1001ms, 3.92 LDR mV | 1.67 lx | 995.94 hPa | 21.62 °C | 95.70 RH % | 0.00 CO vout raw | inf CO rs ohm
14ms -> 15ms, 995ms -> 996ms, 997ms -> 998ms, 1000ms -> 1001ms, 3.92 LDR mV | 1.67 lx | 995.89 hPa | 21.61 °C | 95.70 RH % | 0.00 CO vout raw | inf CO rs ohm
14ms -> 15ms, 995ms -> 996ms, 997ms -> 998ms, 1000ms -> 1001ms, 7.83 LDR mV | 2.36 lx | 995.92 hPa | 21.60 °C | 95.70 RH % | 0.00 CO vout raw | inf CO rs ohm
14ms -> 15ms, 995ms -> 996ms, 997ms -> 998ms, 1000ms -> 1001ms, 0.00 LDR mV | 0.00 lx | 995.91 hPa | 21.59 °C | 95.70 RH % | 0.00 CO vout raw | inf CO rs ohm
14ms -> 14ms, 995ms -> 995ms, 997ms -> 997ms, 1000ms -> 1000ms, 3.92 LDR mV | 1.67 lx | 995.89 hPa | 21.59 °C | 95.70 RH % | 0.00 CO vout raw | inf CO rs ohm
14ms -> 14ms, 995ms -> 995ms, 997ms -> 997ms, 1000ms -> 1000ms, 0.00 LDR mV | 0.00 lx | 995.91 hPa | 21.58 °C | 95.70 RH % | 0.00 CO vout raw | inf CO rs ohm
14ms -> 14ms, 995ms -> 995ms, 997ms -> 997ms, 1000ms -> 1000ms, 3.92 LDR mV | 1.67 lx | 995.91 hPa | 21.57 °C | 95.70 RH % | 0.00 CO vout raw | inf CO rs ohm
14ms -> 14ms, 995ms -> 995ms, 997ms -> 997ms, 1000ms -> 1000ms, 0.00 LDR mV | 0.00 lx | 995.85 hPa | 21.57 °C | 95.70 RH % | 0.00 CO vout raw | inf CO rs ohm
14ms -> 14ms, 995ms -> 995ms, 997ms -> 997ms, 1000ms -> 1000ms, 3.92 LDR mV | 1.67 lx | 995.95 hPa | 21.55 °C | 95.70 RH % | 0.00 CO vout raw | inf CO rs ohm
14ms -> 14ms, 995ms -> 995ms, 997ms -> 997ms, 1000ms -> 1000ms, 0.00 LDR mV | 0.00 lx | 995.87 hPa | 21.55 °C | 95.70 RH % | 0.00 CO vout raw | inf CO rs ohm
14ms -> 14ms, 995ms -> 995ms, 997ms -> 997ms, 1000ms -> 1000ms, 3.92 LDR mV | 1.67 lx | 995.86 hPa | 21.54 °C | 95.70 RH % | 0.00 CO vout raw | inf CO rs ohm
14ms -> 14ms, 995ms -> 995ms, 997ms -> 997ms, 1000ms -> 1000ms, 7.83 LDR mV | 2.36 lx | 995.82 hPa | 21.52 °C | 95.70 RH % | 0.00 CO vout raw | inf CO rs ohm
14ms -> 14ms, 995ms -> 995ms, 997ms -> 997ms, 1000ms -> 1000ms, 0.00 LDR mV | 0.00 lx | 995.87 hPa | 21.51 °C | 95.70 RH % | 0.00 CO vout raw | inf CO rs ohm
14ms -> 14ms, 995ms -> 995ms, 997ms -> 997ms, 1000ms -> 1000ms, 3.92 LDR mV | 1.67 lx | 995.85 hPa | 21.50 °C | 95.70 RH % | 0.00 CO vout raw | inf CO rs ohm
14ms -> 14ms, 995ms -> 995ms, 997ms -> 997ms, 1000ms -> 1000ms, 3.92 LDR mV | 1.67 lx | 995.89 hPa | 21.49 °C | 95.70 RH % | 0.00 CO vout raw | inf CO rs ohm
14ms -> 14ms, 995ms -> 995ms, 997ms -> 997ms, 1000ms -> 1000ms, 7.83 LDR mV | 2.36 lx | 995.96 hPa | 21.49 °C | 96.77 RH % | 0.00 CO vout raw | inf CO rs ohm
14ms -> 14ms, 995ms -> 995ms, 997ms -> 997ms, 1000ms -> 1000ms, 3.92 LDR mV | 1.67 lx | 995.92 hPa | 21.47 °C | 96.77 RH % | 0.00 CO vout raw | inf CO rs ohm
14ms -> 14ms, 995ms -> 995ms, 997ms -> 997ms, 1000ms -> 1000ms, 3.92 LDR mV | 1.67 lx | 995.98 hPa | 21.47 °C | 96.77 RH % | 1.00 CO vout raw | 10310407.00 CO rs ohm
14ms -> 15ms, 995ms -> 996ms, 997ms -> 998ms, 1000ms -> 1001ms, 7.83 LDR mV | 2.36 lx | 995.90 hPa | 21.46 °C | 96.77 RH % | 0.00 CO vout raw | inf CO rs ohm
14ms -> 15ms, 995ms -> 996ms, 997ms -> 998ms, 1000ms -> 1001ms, 3.92 LDR mV | 1.67 lx | 995.90 hPa | 21.44 °C | 96.77 RH % | 0.00 CO vout raw | inf CO rs ohm
14ms -> 15ms, 995ms -> 996ms, 997ms -> 998ms, 1000ms -> 1001ms, 7.83 LDR mV | 2.36 lx | 995.95 hPa | 21.44 °C | 96.77 RH % | 0.00 CO vout raw | inf CO rs ohm
14ms -> 15ms, 995ms -> 996ms, 997ms -> 998ms, 1000ms -> 1001ms, 11.75 LDR mV | 2.84 lx | 995.94 hPa | 21.43 °C | 96.77 RH % | 0.00 CO vout raw | inf CO rs ohm
14ms -> 15ms, 995ms -> 996ms, 997ms -> 998ms, 1000ms -> 1001ms, 3.92 LDR mV | 1.67 lx | 995.94 hPa | 21.42 °C | 96.77 RH % | 0.00 CO vout raw | inf CO rs ohm
14ms -> 14ms, 995ms -> 995ms, 997ms -> 997ms, 1000ms -> 1000ms, 0.00 LDR mV | 0.00 lx | 995.97 hPa | 21.41 °C | 96.77 RH % | 0.00 CO vout raw | inf CO rs ohm
14ms -> 14ms, 995ms -> 995ms, 997ms -> 997ms, 1000ms -> 1000ms, 3.92 LDR mV | 1.67 lx | 995.98 hPa | 21.40 °C | 96.77 RH % | 0.00 CO vout raw | inf CO rs ohm
14ms -> 14ms, 995ms -> 995ms, 997ms -> 997ms, 1000ms -> 1000ms, 3.92 LDR mV | 1.67 lx | 995.94 hPa | 21.40 °C | 96.77 RH % | 0.00 CO vout raw | inf CO rs ohm
14ms -> 14ms, 995ms -> 995ms, 997ms -> 997ms, 1000ms -> 1000ms, 3.92 LDR mV | 1.67 lx | 996.04 hPa | 21.39 °C | 96.77 RH % | 0.00 CO vout raw | inf CO rs ohm
14ms -> 14ms, 995ms -> 995ms, 997ms -> 997ms, 1000ms -> 1000ms, 3.92 LDR mV | 1.67 lx | 995.97 hPa | 21.37 °C | 96.77 RH % | 1.00 CO vout raw | 10310407.00 CO rs ohm
14ms -> 14ms, 995ms -> 995ms, 997ms -> 997ms, 1000ms -> 1000ms, 3.92 LDR mV | 1.67 lx | 995.94 hPa | 21.36 °C | 96.77 RH % | 0.00 CO vout raw | inf CO rs ohm
14ms -> 14ms, 995ms -> 995ms, 997ms -> 997ms, 1000ms -> 1000ms, 0.00 LDR mV | 0.00 lx | 995.95 hPa | 21.35 °C | 96.77 RH % | 0.00 CO vout raw | inf CO rs ohm
14ms -> 14ms, 995ms -> 995ms, 997ms -> 997ms, 1000ms -> 1000ms, 0.00 LDR mV | 0.00 lx | 995.96 hPa | 21.34 °C | 96.77 RH % | 1.00 CO vout raw | 10310407.00 CO rs ohm
14ms -> 15ms, 995ms -> 995ms, 997ms -> 998ms, 1000ms -> 1001ms, 3.92 LDR mV | 1.67 lx | 995.99 hPa | 21.32 °C | 96.77 RH % | 0.00 CO vout raw | inf CO rs ohm
14ms -> 15ms, 995ms -> 996ms, 997ms -> 998ms, 1000ms -> 1001ms, 7.83 LDR mV | 2.36 lx | 995.95 hPa | 21.32 °C | 96.77 RH % | 0.00 CO vout raw | inf CO rs ohm
14ms -> 15ms, 995ms -> 996ms, 997ms -> 998ms, 1000ms -> 1001ms, 7.83 LDR mV | 2.36 lx | 995.95 hPa | 21.31 °C | 96.77 RH % | 0.00 CO vout raw | inf CO rs ohm
14ms -> 15ms, 995ms -> 996ms, 997ms -> 998ms, 1000ms -> 1001ms, 0.00 LDR mV | 0.00 lx | 995.99 hPa | 21.29 °C | 94.62 RH % | 0.00 CO vout raw | inf CO rs ohm
14ms -> 15ms, 995ms -> 996ms, 997ms -> 998ms, 1000ms -> 1001ms, 3.92 LDR mV | 1.67 lx | 995.96 hPa | 21.29 °C | 94.62 RH % | 0.00 CO vout raw | inf CO rs ohm
14ms -> 15ms, 995ms -> 996ms, 997ms -> 998ms, 1000ms -> 1001ms, 0.00 LDR mV | 0.00 lx | 995.96 hPa | 21.27 °C | 94.62 RH % | 0.00 CO vout raw | inf CO rs ohm
14ms -> 15ms, 995ms -> 996ms, 997ms -> 998ms, 1000ms -> 1001ms, 0.00 LDR mV | 0.00 lx | 995.95 hPa | 21.27 °C | 94.62 RH % | 1.00 CO vout raw | 10310407.00 CO rs ohm
14ms -> 14ms, 995ms -> 995ms, 997ms -> 997ms, 1000ms -> 1000ms, 0.00 LDR mV | 0.00 lx | 995.94 hPa | 21.25 °C | 94.62 RH % | 0.00 CO vout raw | inf CO rs ohm
14ms -> 14ms, 995ms -> 995ms, 997ms -> 997ms, 1000ms -> 1000ms, 3.92 LDR mV | 1.67 lx | 996.00 hPa | 21.24 °C | 94.62 RH % | 1.00 CO vout raw | 10310407.00 CO rs ohm
14ms -> 14ms, 995ms -> 995ms, 997ms -> 997ms, 1000ms -> 1000ms, 0.00 LDR mV | 0.00 lx | 996.03 hPa | 21.24 °C | 94.62 RH % | 0.00 CO vout raw | inf CO rs ohm
14ms -> 13ms, 995ms -> 994ms, 997ms -> 996ms, 1000ms -> 999ms, 3.92 LDR mV | 1.67 lx | 996.03 hPa | 21.22 °C | 94.62 RH % | 0.00 CO vout raw | inf CO rs ohm
14ms -> 13ms, 995ms -> 994ms, 997ms -> 996ms, 1000ms -> 999ms, 3.92 LDR mV | 1.67 lx | 996.03 hPa | 21.22 °C | 94.62 RH % | 0.00 CO vout raw | inf CO rs ohm
14ms -> 13ms, 995ms -> 994ms, 997ms -> 996ms, 1000ms -> 999ms, 3.92 LDR mV | 1.67 lx | 995.99 hPa | 21.20 °C | 94.62 RH % | 0.00 CO vout raw | inf CO rs ohm
14ms -> 14ms, 995ms -> 995ms, 997ms -> 997ms, 1000ms -> 1000ms, 0.00 LDR mV | 0.00 lx | 995.96 hPa | 21.18 °C | 94.62 RH % | 0.00 CO vout raw | inf CO rs ohm
14ms -> 13ms, 995ms -> 994ms, 997ms -> 996ms, 1000ms -> 1000ms, 7.83 LDR mV | 2.36 lx | 995.99 hPa | 21.17 °C | 94.62 RH % | 0.00 CO vout raw | inf CO rs ohm
14ms -> 13ms, 995ms -> 994ms, 997ms -> 997ms, 1000ms -> 1000ms, 3.92 LDR mV | 1.67 lx | 995.97 hPa | 21.16 °C | 94.62 RH % | 0.00 CO vout raw | inf CO rs ohm
14ms -> 14ms, 995ms -> 995ms, 997ms -> 997ms, 1000ms -> 1000ms, 3.92 LDR mV | 1.67 lx | 996.05 hPa | 21.15 °C | 94.62 RH % | 0.00 CO vout raw | inf CO rs ohm
14ms -> 14ms, 995ms -> 995ms, 997ms -> 997ms, 1000ms -> 1000ms, 3.92 LDR mV | 1.67 lx | 996.05 hPa | 21.13 °C | 94.62 RH % | 0.00 CO vout raw | inf CO rs ohm
14ms -> 14ms, 995ms -> 995ms, 997ms -> 997ms, 1000ms -> 1000ms, 7.83 LDR mV | 2.36 lx | 996.04 hPa | 21.12 °C | 94.62 RH % | 0.00 CO vout raw | inf CO rs ohm
14ms -> 14ms, 995ms -> 995ms, 997ms -> 997ms, 1000ms -> 1000ms, 0.00 LDR mV | 0.00 lx | 995.94 hPa | 21.11 °C | 94.62 RH % | 0.00 CO vout raw | inf CO rs ohm
14ms -> 14ms, 995ms -> 995ms, 997ms -> 997ms, 1000ms -> 1000ms, 7.83 LDR mV | 2.36 lx | 996.03 hPa | 21.10 °C | 94.62 RH % | 0.00 CO vout raw | inf CO rs ohm
14ms -> 14ms, 995ms -> 995ms, 997ms -> 997ms, 1000ms -> 1000ms, 0.00 LDR mV | 0.00 lx | 996.07 hPa | 21.08 °C | 94.62 RH % | 0.00 CO vout raw | inf CO rs ohm
14ms -> 13ms, 995ms -> 994ms, 997ms -> 996ms, 1000ms -> 999ms, 3.92 LDR mV | 1.67 lx | 995.98 hPa | 21.07 °C | 94.62 RH % | 0.00 CO vout raw | inf CO rs ohm
14ms -> 13ms, 995ms -> 994ms, 997ms -> 996ms, 1000ms -> 999ms, 3.92 LDR mV | 1.67 lx | 996.05 hPa | 21.07 °C | 94.62 RH % | 0.00 CO vout raw | inf CO rs ohm
14ms -> 13ms, 995ms -> 994ms, 997ms -> 996ms, 1000ms -> 999ms, 0.00 LDR mV | 0.00 lx | 995.99 hPa | 21.07 °C | 94.62 RH % | 0.00 CO vout raw | inf CO rs ohm
14ms -> 13ms, 995ms -> 994ms, 997ms -> 996ms, 1000ms -> 999ms, 3.92 LDR mV | 1.67 lx | 995.99 hPa | 21.05 °C | 94.62 RH % | 0.00 CO vout raw | inf CO rs ohm
14ms -> 13ms, 995ms -> 994ms, 997ms -> 996ms, 1000ms -> 999ms, 0.00 LDR mV | 0.00 lx | 996.02 hPa | 21.04 °C | 94.62 RH % | 0.00 CO vout raw | inf CO rs ohm
14ms -> 13ms, 995ms -> 994ms, 997ms -> 996ms, 1000ms -> 999ms, 3.92 LDR mV | 1.67 lx | 996.01 hPa | 21.02 °C | 94.62 RH % | 0.00 CO vout raw | inf CO rs ohm
14ms -> 13ms, 995ms -> 994ms, 997ms -> 996ms, 1000ms -> 999ms, 0.00 LDR mV | 0.00 lx | 995.96 hPa | 21.01 °C | 94.62 RH % | 0.00 CO vout raw | inf CO rs ohm
14ms -> 13ms, 995ms -> 994ms, 997ms -> 996ms, 1000ms -> 999ms, 7.83 LDR mV | 2.36 lx | 996.00 hPa | 20.99 °C | 94.62 RH % | 0.00 CO vout raw | inf CO rs ohm
14ms -> 13ms, 995ms -> 994ms, 997ms -> 996ms, 1000ms -> 999ms, 0.00 LDR mV | 0.00 lx | 996.00 hPa | 20.98 °C | 94.62 RH % | 0.00 CO vout raw | inf CO rs ohm
14ms -> 14ms, 995ms -> 995ms, 997ms -> 997ms, 1000ms -> 1000ms, 0.00 LDR mV | 0.00 lx | 995.96 hPa | 20.96 °C | 94.62 RH % | 0.00 CO vout raw | inf CO rs ohm
14ms -> 13ms, 995ms -> 994ms, 997ms -> 996ms, 1000ms -> 999ms, 3.92 LDR mV | 1.67 lx | 995.98 hPa | 20.96 °C | 93.55 RH % | 0.00 CO vout raw | inf CO rs ohm
14ms -> 13ms, 995ms -> 994ms, 997ms -> 996ms, 1000ms -> 999ms, 3.92 LDR mV | 1.67 lx | 996.00 hPa | 20.95 °C | 94.62 RH % | 1.00 CO vout raw | 10310407.00 CO rs ohm
14ms -> 13ms, 995ms -> 994ms, 997ms -> 996ms, 1000ms -> 1001ms, 3.92 LDR mV | 1.67 lx | 996.01 hPa | 20.93 °C | 94.62 RH % | 0.00 CO vout raw | inf CO rs ohm
14ms -> 13ms, 995ms -> 994ms, 997ms -> 997ms, 1000ms -> 1000ms, 0.00 LDR mV | 0.00 lx | 996.01 hPa | 20.92 °C | 94.62 RH % | 0.00 CO vout raw | inf CO rs ohm
14ms -> 13ms, 995ms -> 994ms, 997ms -> 997ms, 1000ms -> 1000ms, 0.00 LDR mV | 0.00 lx | 996.04 hPa | 20.91 °C | 94.62 RH % | 1.00 CO vout raw | 10310407.00 CO rs ohm
14ms -> 14ms, 995ms -> 996ms, 997ms -> 997ms, 1000ms -> 1001ms, 0.00 LDR mV | 0.00 lx | 996.06 hPa | 20.90 °C | 94.62 RH % | 0.00 CO vout raw | inf CO rs ohm
14ms -> 15ms, 995ms -> 996ms, 997ms -> 998ms, 1000ms -> 1001ms, 3.92 LDR mV | 1.67 lx | 995.98 hPa | 20.89 °C | 94.62 RH % | 0.00 CO vout raw | inf CO rs ohm
14ms -> 14ms, 995ms -> 996ms, 997ms -> 997ms, 1000ms -> 1001ms, 0.00 LDR mV | 0.00 lx | 996.02 hPa | 20.88 °C | 94.62 RH % | 0.00 CO vout raw | inf CO rs ohm
14ms -> 14ms, 995ms -> 995ms, 997ms -> 997ms, 1000ms -> 1000ms, 3.92 LDR mV | 1.67 lx | 996.03 hPa | 20.86 °C | 93.55 RH % | 0.00 CO vout raw | inf CO rs ohm
14ms -> 14ms, 995ms -> 995ms, 997ms -> 997ms, 1000ms -> 1000ms, 0.00 LDR mV | 0.00 lx | 996.03 hPa | 20.85 °C | 93.55 RH % | 0.00 CO vout raw | inf CO rs ohm
14ms -> 14ms, 995ms -> 995ms, 997ms -> 997ms, 1000ms -> 1000ms, 7.83 LDR mV | 2.36 lx | 996.00 hPa | 20.84 °C | 91.40 RH % | 0.00 CO vout raw | inf CO rs ohm
14ms -> 14ms, 995ms -> 995ms, 997ms -> 997ms, 1000ms -> 1000ms, 3.92 LDR mV | 1.67 lx | 996.05 hPa | 20.82 °C | 91.40 RH % | 7.00 CO vout raw | 1464276.62 CO rs ohm
14ms -> 14ms, 995ms -> 995ms, 997ms -> 997ms, 1000ms -> 1000ms, 0.00 LDR mV | 0.00 lx | 996.04 hPa | 20.82 °C | 91.40 RH % | 0.00 CO vout raw | inf CO rs ohm
14ms -> 14ms, 995ms -> 995ms, 997ms -> 997ms, 1000ms -> 1000ms, 3.92 LDR mV | 1.67 lx | 996.09 hPa | 20.81 °C | 91.40 RH % | 0.00 CO vout raw | inf CO rs ohm
14ms -> 14ms, 995ms -> 995ms, 997ms -> 997ms, 1000ms -> 1000ms, 7.83 LDR mV | 2.36 lx | 996.05 hPa | 20.80 °C | 91.40 RH % | 1.00 CO vout raw | 10310407.00 CO rs ohm
14ms -> 14ms, 995ms -> 995ms, 997ms -> 997ms, 1000ms -> 1001ms, 0.00 LDR mV | 0.00 lx | 996.01 hPa | 20.78 °C | 91.40 RH % | 1.00 CO vout raw | 10310407.00 CO rs ohm
14ms -> 15ms, 995ms -> 996ms, 997ms -> 998ms, 1000ms -> 1001ms, 0.00 LDR mV | 0.00 lx | 996.06 hPa | 20.77 °C | 91.40 RH % | 0.00 CO vout raw | inf CO rs ohm
14ms -> 15ms, 995ms -> 996ms, 997ms -> 998ms, 1000ms -> 1001ms, 3.92 LDR mV | 1.67 lx | 995.97 hPa | 20.76 °C | 91.40 RH % | 0.00 CO vout raw | inf CO rs ohm
14ms -> 15ms, 995ms -> 996ms, 997ms -> 998ms, 1000ms -> 1001ms, 0.00 LDR mV | 0.00 lx | 996.00 hPa | 20.75 °C | 91.40 RH % | 0.00 CO vout raw | inf CO rs ohm
14ms -> 15ms, 995ms -> 996ms, 997ms -> 998ms, 1000ms -> 1001ms, 0.00 LDR mV | 0.00 lx | 996.03 hPa | 20.74 °C | 91.40 RH % | 0.00 CO vout raw | inf CO rs ohm
14ms -> 15ms, 995ms -> 996ms, 997ms -> 998ms, 1000ms -> 1001ms, 7.83 LDR mV | 2.36 lx | 996.07 hPa | 20.71 °C | 91.40 RH % | 0.00 CO vout raw | inf CO rs ohm
14ms -> 15ms, 995ms -> 996ms, 997ms -> 998ms, 1000ms -> 1001ms, 3.92 LDR mV | 1.67 lx | 996.03 hPa | 20.71 °C | 91.40 RH % | 0.00 CO vout raw | inf CO rs ohm
14ms -> 14ms, 995ms -> 995ms, 997ms -> 997ms, 1000ms -> 1000ms, 3.92 LDR mV | 1.67 lx | 995.99 hPa | 20.69 °C | 91.40 RH % | 0.00 CO vout raw | inf CO rs ohm
14ms -> 14ms, 995ms -> 995ms, 997ms -> 997ms, 1000ms -> 1000ms, 3.92 LDR mV | 1.67 lx | 995.99 hPa | 20.67 °C | 91.40 RH % | 0.00 CO vout raw | inf CO rs ohm
14ms -> 14ms, 995ms -> 995ms, 997ms -> 997ms, 1000ms -> 1000ms, 3.92 LDR mV | 1.67 lx | 996.02 hPa | 20.67 °C | 91.40 RH % | 0.00 CO vout raw | inf CO rs ohm
14ms -> 14ms, 995ms -> 995ms, 997ms -> 997ms, 1000ms -> 1000ms, 3.92 LDR mV | 1.67 lx | 996.07 hPa | 20.67 °C | 91.40 RH % | 0.00 CO vout raw | inf CO rs ohm
14ms -> 14ms, 995ms -> 995ms, 997ms -> 997ms, 1000ms -> 1000ms, 3.92 LDR mV | 1.67 lx | 996.06 hPa | 20.64 °C | 91.40 RH % | 0.00 CO vout raw | inf CO rs ohm
14ms -> 14ms, 995ms -> 995ms, 997ms -> 997ms, 1000ms -> 1000ms, 0.00 LDR mV | 0.00 lx | 996.02 hPa | 20.63 °C | 91.40 RH % | 0.00 CO vout raw | inf CO rs ohm
14ms -> 14ms, 995ms -> 995ms, 997ms -> 997ms, 1000ms -> 1000ms, 3.92 LDR mV | 1.67 lx | 996.00 hPa | 20.63 °C | 91.40 RH % | 1.00 CO vout raw | 10310407.00 CO rs ohm
14ms -> 13ms, 995ms -> 994ms, 997ms -> 996ms, 1000ms -> 999ms, 0.00 LDR mV | 0.00 lx | 996.02 hPa | 20.61 °C | 91.40 RH % | 0.00 CO vout raw | inf CO rs ohm
14ms -> 14ms, 995ms -> 995ms, 997ms -> 997ms, 1000ms -> 1000ms, 0.00 LDR mV | 0.00 lx | 996.05 hPa | 20.59 °C | 91.40 RH % | 0.00 CO vout raw | inf CO rs ohm
14ms -> 13ms, 995ms -> 994ms, 997ms -> 996ms, 1000ms -> 1000ms, 3.92 LDR mV | 1.67 lx | 996.04 hPa | 20.58 °C | 91.40 RH % | 0.00 CO vout raw | inf CO rs ohm
14ms -> 14ms, 995ms -> 995ms, 997ms -> 998ms, 1000ms -> 1001ms, 0.00 LDR mV | 0.00 lx | 995.97 hPa | 20.57 °C | 91.40 RH % | 0.00 CO vout raw | inf CO rs ohm
14ms -> 15ms, 995ms -> 996ms, 997ms -> 998ms, 1000ms -> 1001ms, 3.92 LDR mV | 1.67 lx | 996.06 hPa | 20.56 °C | 91.40 RH % | 0.00 CO vout raw | inf CO rs ohm
14ms -> 14ms, 995ms -> 995ms, 997ms -> 997ms, 1000ms -> 1000ms, 3.92 LDR mV | 1.67 lx | 996.10 hPa | 20.55 °C | 91.40 RH % | 4.00 CO vout raw | 2570043.00 CO rs ohm
14ms -> 14ms, 995ms -> 995ms, 997ms -> 997ms, 1000ms -> 1000ms, 0.00 LDR mV | 0.00 lx | 996.05 hPa | 20.55 °C | 91.40 RH % | 0.00 CO vout raw | inf CO rs ohm
14ms -> 13ms, 995ms -> 994ms, 997ms -> 996ms, 1000ms -> 999ms, 3.92 LDR mV | 1.67 lx | 996.00 hPa | 20.53 °C | 91.40 RH % | 0.00 CO vout raw | inf CO rs ohm
14ms -> 13ms, 995ms -> 994ms, 997ms -> 996ms, 1000ms -> 999ms, 3.92 LDR mV | 1.67 lx | 996.03 hPa | 20.51 °C | 91.40 RH % | 0.00 CO vout raw | inf CO rs ohm
14ms -> 13ms, 995ms -> 994ms, 997ms -> 996ms, 1000ms -> 999ms, 7.83 LDR mV | 2.36 lx | 996.05 hPa | 20.50 °C | 91.40 RH % | 0.00 CO vout raw | inf CO rs ohm
14ms -> 13ms, 995ms -> 994ms, 997ms -> 996ms, 1000ms -> 999ms, 7.83 LDR mV | 2.36 lx | 996.06 hPa | 20.50 °C | 91.40 RH % | 0.00 CO vout raw | inf CO rs ohm
14ms -> 13ms, 995ms -> 994ms, 997ms -> 996ms, 1000ms -> 999ms, 3.92 LDR mV | 1.67 lx | 996.16 hPa | 20.47 °C | 91.40 RH % | 0.00 CO vout raw | inf CO rs ohm
14ms -> 13ms, 995ms -> 994ms, 997ms -> 996ms, 1000ms -> 999ms, 3.92 LDR mV | 1.67 lx | 996.01 hPa | 20.48 °C | 91.40 RH % | 0.00 CO vout raw | inf CO rs ohm
14ms -> 13ms, 995ms -> 994ms, 997ms -> 996ms, 1000ms -> 999ms, 3.92 LDR mV | 1.67 lx | 996.08 hPa | 20.46 °C | 91.40 RH % | 0.00 CO vout raw | inf CO rs ohm
14ms -> 13ms, 995ms -> 994ms, 997ms -> 996ms, 1000ms -> 999ms, 3.92 LDR mV | 1.67 lx | 996.08 hPa | 20.44 °C | 91.40 RH % | 0.00 CO vout raw | inf CO rs ohm
14ms -> 13ms, 995ms -> 994ms, 997ms -> 996ms, 1000ms -> 999ms, 0.00 LDR mV | 0.00 lx | 995.99 hPa | 20.44 °C | 91.40 RH % | 0.00 CO vout raw | inf CO rs ohm
14ms -> 13ms, 995ms -> 994ms, 997ms -> 996ms, 1000ms -> 999ms, 0.00 LDR mV | 0.00 lx | 996.10 hPa | 20.42 °C | 91.40 RH % | 0.00 CO vout raw | inf CO rs ohm
14ms -> 13ms, 995ms -> 994ms, 997ms -> 996ms, 1000ms -> 999ms, 0.00 LDR mV | 0.00 lx | 996.06 hPa | 20.41 °C | 91.40 RH % | 0.00 CO vout raw | inf CO rs ohm
14ms -> 13ms, 995ms -> 994ms, 997ms -> 996ms, 1000ms -> 999ms, 0.00 LDR mV | 0.00 lx | 996.05 hPa | 20.39 °C | 91.40 RH % | 0.00 CO vout raw | inf CO rs ohm
14ms -> 13ms, 995ms -> 994ms, 997ms -> 996ms, 1000ms -> 999ms, 3.92 LDR mV | 1.67 lx | 996.01 hPa | 20.39 °C | 91.40 RH % | 1.00 CO vout raw | 10310407.00 CO rs ohm
14ms -> 13ms, 995ms -> 994ms, 997ms -> 996ms, 1000ms -> 1000ms, 0.00 LDR mV | 0.00 lx | 996.01 hPa | 20.37 °C | 91.40 RH % | 7.00 CO vout raw | 1464276.62 CO rs ohm
14ms -> 14ms, 995ms -> 995ms, 997ms -> 997ms, 1000ms -> 1000ms, 0.00 LDR mV | 0.00 lx | 996.03 hPa | 20.36 °C | 91.40 RH % | 1.00 CO vout raw | 10310407.00 CO rs ohm
14ms -> 14ms, 995ms -> 995ms, 997ms -> 997ms, 1000ms -> 1000ms, 3.92 LDR mV | 1.67 lx | 996.07 hPa | 20.35 °C | 91.40 RH % | 0.00 CO vout raw | inf CO rs ohm
14ms -> 14ms, 995ms -> 995ms, 997ms -> 997ms, 1000ms -> 1000ms, 0.00 LDR mV | 0.00 lx | 996.05 hPa | 20.34 °C | 91.40 RH % | 8.00 CO vout raw | 1279982.12 CO rs ohm
14ms -> 14ms, 995ms -> 995ms, 997ms -> 997ms, 1000ms -> 1000ms, 0.00 LDR mV | 0.00 lx | 996.08 hPa | 20.33 °C | 91.40 RH % | 0.00 CO vout raw | inf CO rs ohm
14ms -> 14ms, 995ms -> 995ms, 997ms -> 997ms, 1000ms -> 1000ms, 3.92 LDR mV | 1.67 lx | 996.05 hPa | 20.32 °C | 91.40 RH % | 0.00 CO vout raw | inf CO rs ohm
14ms -> 14ms, 995ms -> 995ms, 997ms -> 997ms, 1000ms -> 1000ms, 3.92 LDR mV | 1.67 lx | 996.08 hPa | 20.31 °C | 91.40 RH % | 3.00 CO vout raw | 3430083.75 CO rs ohm
14ms -> 14ms, 995ms -> 995ms, 997ms -> 997ms, 1000ms -> 1000ms, 0.00 LDR mV | 0.00 lx | 996.03 hPa | 20.29 °C | 91.40 RH % | 4.00 CO vout raw | 2570043.00 CO rs ohm
14ms -> 15ms, 995ms -> 996ms, 997ms -> 998ms, 1000ms -> 1001ms, 0.00 LDR mV | 0.00 lx | 996.03 hPa | 20.29 °C | 91.40 RH % | 0.00 CO vout raw | inf CO rs ohm
14ms -> 15ms, 995ms -> 996ms, 997ms -> 998ms, 1000ms -> 1001ms, 3.92 LDR mV | 1.67 lx | 996.06 hPa | 20.29 °C | 91.40 RH % | 0.00 CO vout raw | inf CO rs ohm
14ms -> 15ms, 995ms -> 996ms, 997ms -> 998ms, 1000ms -> 1001ms, 3.92 LDR mV | 1.67 lx | 996.09 hPa | 20.28 °C | 91.40 RH % | 1.00 CO vout raw | 10310407.00 CO rs ohm
14ms -> 15ms, 995ms -> 996ms, 997ms -> 998ms, 1000ms -> 1001ms, 7.83 LDR mV | 2.36 lx | 996.10 hPa | 20.26 °C | 91.40 RH % | 0.00 CO vout raw | inf CO rs ohm
14ms -> 14ms, 995ms -> 995ms, 997ms -> 997ms, 1000ms -> 1000ms, 3.92 LDR mV | 1.67 lx | 996.10 hPa | 20.26 °C | 91.40 RH % | 1.00 CO vout raw | 10310407.00 CO rs ohm
14ms -> 13ms, 995ms -> 994ms, 997ms -> 996ms, 1000ms -> 999ms, 3.92 LDR mV | 1.67 lx | 996.13 hPa | 20.25 °C | 91.40 RH % | 0.00 CO vout raw | inf CO rs ohm
14ms -> 13ms, 995ms -> 994ms, 997ms -> 996ms, 1000ms -> 999ms, 3.92 LDR mV | 1.67 lx | 996.10 hPa | 20.23 °C | 91.40 RH % | 0.00 CO vout raw | inf CO rs ohm
14ms -> 13ms, 995ms -> 994ms, 997ms -> 996ms, 1000ms -> 999ms, 3.92 LDR mV | 1.67 lx | 996.10 hPa | 20.22 °C | 91.40 RH % | 0.00 CO vout raw | inf CO rs ohm
14ms -> 13ms, 995ms -> 994ms, 997ms -> 996ms, 1000ms -> 999ms, 3.92 LDR mV | 1.67 lx | 996.12 hPa | 20.21 °C | 91.40 RH % | 0.00 CO vout raw | inf CO rs ohm
14ms -> 13ms, 995ms -> 994ms, 997ms -> 996ms, 1000ms -> 999ms, 7.83 LDR mV | 2.36 lx | 996.04 hPa | 20.20 °C | 91.40 RH % | 0.00 CO vout raw | inf CO rs ohm
14ms -> 13ms, 995ms -> 994ms, 997ms -> 996ms, 1000ms -> 999ms, 3.92 LDR mV | 1.67 lx | 996.08 hPa | 20.19 °C | 91.40 RH % | 0.00 CO vout raw | inf CO rs ohm
14ms -> 13ms, 995ms -> 994ms, 997ms -> 996ms, 1000ms -> 999ms, 7.83 LDR mV | 2.36 lx | 996.04 hPa | 20.17 °C | 91.40 RH % | 0.00 CO vout raw | inf CO rs ohm
14ms -> 13ms, 995ms -> 994ms, 997ms -> 996ms, 1000ms -> 999ms, 7.83 LDR mV | 2.36 lx | 996.07 hPa | 20.16 °C | 91.40 RH % | 0.00 CO vout raw | inf CO rs ohm
14ms -> 13ms, 995ms -> 994ms, 997ms -> 996ms, 1000ms -> 999ms, 0.00 LDR mV | 0.00 lx | 996.10 hPa | 20.15 °C | 91.40 RH % | 0.00 CO vout raw | inf CO rs ohm
14ms -> 14ms, 995ms -> 995ms, 997ms -> 997ms, 1000ms -> 1001ms, 0.00 LDR mV | 0.00 lx | 996.06 hPa | 20.14 °C | 91.40 RH % | 0.00 CO vout raw | inf CO rs ohm
14ms -> 14ms, 995ms -> 995ms, 997ms -> 997ms, 1000ms -> 1001ms, 3.92 LDR mV | 1.67 lx | 996.06 hPa | 20.13 °C | 91.40 RH % | 0.00 CO vout raw | inf CO rs ohm
14ms -> 15ms, 995ms -> 996ms, 997ms -> 998ms, 1000ms -> 1001ms, 0.00 LDR mV | 0.00 lx | 996.07 hPa | 20.12 °C | 91.40 RH % | 0.00 CO vout raw | inf CO rs ohm
14ms -> 15ms, 995ms -> 996ms, 997ms -> 998ms, 1000ms -> 1001ms, 3.92 LDR mV | 1.67 lx | 996.03 hPa | 20.12 °C | 91.40 RH % | 0.00 CO vout raw | inf CO rs ohm
14ms -> 15ms, 995ms -> 996ms, 997ms -> 998ms, 1000ms -> 1001ms, 0.00 LDR mV | 0.00 lx | 996.06 hPa | 20.10 °C | 91.40 RH % | 0.00 CO vout raw | inf CO rs ohm
14ms -> 15ms, 995ms -> 996ms, 997ms -> 998ms, 1000ms -> 1001ms, 3.92 LDR mV | 1.67 lx | 996.11 hPa | 20.08 °C | 91.40 RH % | 0.00 CO vout raw | inf CO rs ohm
14ms -> 15ms, 995ms -> 996ms, 997ms -> 998ms, 1000ms -> 1001ms, 3.92 LDR mV | 1.67 lx | 996.13 hPa | 20.07 °C | 91.40 RH % | 0.00 CO vout raw | inf CO rs ohm
14ms -> 14ms, 995ms -> 995ms, 997ms -> 997ms, 1000ms -> 1000ms, 3.92 LDR mV | 1.67 lx | 996.06 hPa | 20.06 °C | 91.40 RH % | 0.00 CO vout raw | inf CO rs ohm
14ms -> 14ms, 995ms -> 995ms, 997ms -> 997ms, 1000ms -> 1000ms, 0.00 LDR mV | 0.00 lx | 996.07 hPa | 20.05 °C | 91.40 RH % | 0.00 CO vout raw | inf CO rs ohm
14ms -> 13ms, 995ms -> 994ms, 997ms -> 996ms, 1000ms -> 999ms, 7.83 LDR mV | 2.36 lx | 996.08 hPa | 20.05 °C | 91.40 RH % | 0.00 CO vout raw | inf CO rs ohm
14ms -> 14ms, 995ms -> 995ms, 997ms -> 997ms, 1000ms -> 1000ms, 0.00 LDR mV | 0.00 lx | 996.05 hPa | 20.04 °C | 91.40 RH % | 0.00 CO vout raw | inf CO rs ohm
14ms -> 14ms, 995ms -> 995ms, 997ms -> 997ms, 1000ms -> 1000ms, 3.92 LDR mV | 1.67 lx | 996.05 hPa | 20.04 °C | 91.40 RH % | 0.00 CO vout raw | inf CO rs ohm
14ms -> 14ms, 995ms -> 995ms, 997ms -> 997ms, 1000ms -> 1000ms, 3.92 LDR mV | 1.67 lx | 996.07 hPa | 20.02 °C | 91.40 RH % | 0.00 CO vout raw | inf CO rs ohm
14ms -> 13ms, 995ms -> 994ms, 997ms -> 996ms, 1000ms -> 999ms, 3.92 LDR mV | 1.67 lx | 996.06 hPa | 20.02 °C | 91.40 RH % | 0.00 CO vout raw | inf CO rs ohm
14ms -> 13ms, 995ms -> 994ms, 997ms -> 996ms, 1000ms -> 999ms, 7.83 LDR mV | 2.36 lx | 996.04 hPa | 20.00 °C | 91.40 RH % | 0.00 CO vout raw | inf CO rs ohm
14ms -> 13ms, 995ms -> 994ms, 997ms -> 996ms, 1000ms -> 999ms, 3.92 LDR mV | 1.67 lx | 996.03 hPa | 19.99 °C | 91.40 RH % | 0.00 CO vout raw | inf CO rs ohm
14ms -> 13ms, 995ms -> 994ms, 997ms -> 996ms, 1000ms -> 999ms, 3.92 LDR mV | 1.67 lx | 996.07 hPa | 19.98 °C | 91.40 RH % | 0.00 CO vout raw | inf CO rs ohm
14ms -> 13ms, 995ms -> 994ms, 997ms -> 996ms, 1000ms -> 999ms, 3.92 LDR mV | 1.67 lx | 996.08 hPa | 19.98 °C | 91.40 RH % | 0.00 CO vout raw | inf CO rs ohm
14ms -> 13ms, 995ms -> 994ms, 997ms -> 996ms, 1000ms -> 999ms, 7.83 LDR mV | 2.36 lx | 996.05 hPa | 19.96 °C | 91.40 RH % | 0.00 CO vout raw | inf CO rs ohm
14ms -> 13ms, 995ms -> 994ms, 997ms -> 996ms, 1000ms -> 999ms, 3.92 LDR mV | 1.67 lx | 996.08 hPa | 19.96 °C | 92.47 RH % | 0.00 CO vout raw | inf CO rs ohm
14ms -> 13ms, 995ms -> 994ms, 997ms -> 996ms, 1000ms -> 999ms, 3.92 LDR mV | 1.67 lx | 996.01 hPa | 19.94 °C | 91.40 RH % | 0.00 CO vout raw | inf CO rs ohm
14ms -> 13ms, 995ms -> 994ms, 997ms -> 996ms, 1000ms -> 999ms, 7.83 LDR mV | 2.36 lx | 996.03 hPa | 19.93 °C | 91.40 RH % | 0.00 CO vout raw | inf CO rs ohm
14ms -> 13ms, 995ms -> 994ms, 997ms -> 996ms, 1000ms -> 1000ms, 3.92 LDR mV | 1.67 lx | 996.05 hPa | 19.92 °C | 91.40 RH % | 0.00 CO vout raw | inf CO rs ohm
14ms -> 13ms, 995ms -> 994ms, 997ms -> 996ms, 1000ms -> 1000ms, 3.92 LDR mV | 1.67 lx | 996.11 hPa | 19.91 °C | 91.40 RH % | 0.00 CO vout raw | inf CO rs ohm
14ms -> 14ms, 995ms -> 994ms, 997ms -> 997ms, 1000ms -> 1000ms, 3.92 LDR mV | 1.67 lx | 996.10 hPa | 19.90 °C | 92.47 RH % | 0.00 CO vout raw | inf CO rs ohm
14ms -> 14ms, 995ms -> 995ms, 997ms -> 997ms, 1000ms -> 1000ms, 3.92 LDR mV | 1.67 lx | 996.05 hPa | 19.90 °C | 92.47 RH % | 0.00 CO vout raw | inf CO rs ohm
14ms -> 14ms, 995ms -> 995ms, 997ms -> 997ms, 1000ms -> 1000ms, 7.83 LDR mV | 2.36 lx | 996.07 hPa | 19.89 °C | 92.47 RH % | 0.00 CO vout raw | inf CO rs ohm
14ms -> 14ms, 995ms -> 995ms, 997ms -> 997ms, 1000ms -> 1000ms, 7.83 LDR mV | 2.36 lx | 996.08 hPa | 19.87 °C | 91.40 RH % | 0.00 CO vout raw | inf CO rs ohm
14ms -> 15ms, 995ms -> 996ms, 997ms -> 998ms, 1000ms -> 1001ms, 0.00 LDR mV | 0.00 lx | 996.03 hPa | 19.87 °C | 92.47 RH % | 0.00 CO vout raw | inf CO rs ohm
14ms -> 15ms, 995ms -> 996ms, 997ms -> 998ms, 1000ms -> 1001ms, 3.92 LDR mV | 1.67 lx | 996.05 hPa | 19.85 °C | 92.47 RH % | 0.00 CO vout raw | inf CO rs ohm
14ms -> 15ms, 995ms -> 996ms, 997ms -> 998ms, 1000ms -> 1001ms, 0.00 LDR mV | 0.00 lx | 996.07 hPa | 19.84 °C | 92.47 RH % | 1.00 CO vout raw | 10310407.00 CO rs ohm
14ms -> 14ms, 995ms -> 995ms, 997ms -> 997ms, 1000ms -> 1000ms, 3.92 LDR mV | 1.67 lx | 996.03 hPa | 19.83 °C | 92.47 RH % | 0.00 CO vout raw | inf CO rs ohm
14ms -> 14ms, 995ms -> 995ms, 997ms -> 997ms, 1000ms -> 1000ms, 3.92 LDR mV | 1.67 lx | 995.99 hPa | 19.82 °C | 92.47 RH % | 0.00 CO vout raw | inf CO rs ohm
14ms -> 14ms, 995ms -> 995ms, 997ms -> 997ms, 1000ms -> 1000ms, 3.92 LDR mV | 1.67 lx | 996.11 hPa | 19.81 °C | 92.47 RH % | 0.00 CO vout raw | inf CO rs ohm
14ms -> 14ms, 995ms -> 995ms, 997ms -> 997ms, 1000ms -> 1000ms, 3.92 LDR mV | 1.67 lx | 996.11 hPa | 19.80 °C | 92.47 RH % | 1.00 CO vout raw | 10310407.00 CO rs ohm
14ms -> 14ms, 995ms -> 995ms, 997ms -> 997ms, 1000ms -> 1001ms, 3.92 LDR mV | 1.67 lx | 996.12 hPa | 19.80 °C | 92.47 RH % | 0.00 CO vout raw | inf CO rs ohm
14ms -> 14ms, 995ms -> 995ms, 997ms -> 998ms, 1000ms -> 1001ms, 3.92 LDR mV | 1.67 lx | 996.10 hPa | 19.79 °C | 92.47 RH % | 0.00 CO vout raw | inf CO rs ohm
14ms -> 15ms, 995ms -> 996ms, 997ms -> 998ms, 1000ms -> 1001ms, 3.92 LDR mV | 1.67 lx | 996.16 hPa | 19.78 °C | 92.47 RH % | 0.00 CO vout raw | inf CO rs ohm
14ms -> 15ms, 995ms -> 996ms, 997ms -> 998ms, 1000ms -> 1001ms, 3.92 LDR mV | 1.67 lx | 996.11 hPa | 19.77 °C | 92.47 RH % | 1.00 CO vout raw | 10310407.00 CO rs ohm
14ms -> 15ms, 995ms -> 996ms, 997ms -> 998ms, 1000ms -> 1001ms, 3.92 LDR mV | 1.67 lx | 996.11 hPa | 19.77 °C | 92.47 RH % | 0.00 CO vout raw | inf CO rs ohm
14ms -> 14ms, 995ms -> 995ms, 997ms -> 997ms, 1000ms -> 1000ms, 3.92 LDR mV | 1.67 lx | 996.08 hPa | 19.75 °C | 92.47 RH % | 0.00 CO vout raw | inf CO rs ohm
14ms -> 14ms, 995ms -> 995ms, 997ms -> 997ms, 1000ms -> 1000ms, 0.00 LDR mV | 0.00 lx | 996.08 hPa | 19.75 °C | 92.47 RH % | 0.00 CO vout raw | inf CO rs ohm
14ms -> 14ms, 995ms -> 995ms, 997ms -> 997ms, 1000ms -> 1000ms, 3.92 LDR mV | 1.67 lx | 996.07 hPa | 19.74 °C | 92.47 RH % | 0.00 CO vout raw | inf CO rs ohm
14ms -> 14ms, 995ms -> 995ms, 997ms -> 997ms, 1000ms -> 1000ms, 0.00 LDR mV | 0.00 lx | 996.11 hPa | 19.72 °C | 92.47 RH % | 6.00 CO vout raw | 1710002.50 CO rs ohm
14ms -> 14ms, 995ms -> 995ms, 997ms -> 997ms, 1000ms -> 1000ms, 0.00 LDR mV | 0.00 lx | 996.09 hPa | 19.71 °C | 92.47 RH % | 6.00 CO vout raw | 1710002.50 CO rs ohm
14ms -> 14ms, 995ms -> 995ms, 997ms -> 997ms, 1000ms -> 1000ms, 0.00 LDR mV | 0.00 lx | 996.12 hPa | 19.71 °C | 92.47 RH % | 1.00 CO vout raw | 10310407.00 CO rs ohm
14ms -> 15ms, 995ms -> 996ms, 997ms -> 998ms, 1000ms -> 1001ms, 7.83 LDR mV | 2.36 lx | 996.12 hPa | 19.70 °C | 92.47 RH % | 0.00 CO vout raw | inf CO rs ohm
14ms -> 15ms, 995ms -> 996ms, 997ms -> 998ms, 1000ms -> 1001ms, 7.83 LDR mV | 2.36 lx | 996.08 hPa | 19.68 °C | 92.47 RH % | 0.00 CO vout raw | inf CO rs ohm
14ms -> 15ms, 995ms -> 996ms, 997ms -> 998ms, 1000ms -> 1001ms, 3.92 LDR mV | 1.67 lx | 996.05 hPa | 19.68 °C | 92.47 RH % | 0.00 CO vout raw | inf CO rs ohm
14ms -> 15ms, 995ms -> 996ms, 997ms -> 998ms, 1000ms -> 1001ms, 7.83 LDR mV | 2.36 lx | 996.09 hPa | 19.67 °C | 92.47 RH % | 0.00 CO vout raw | inf CO rs ohm
14ms -> 15ms, 995ms -> 996ms, 997ms -> 998ms, 1000ms -> 1001ms, 7.83 LDR mV | 2.36 lx | 996.07 hPa | 19.66 °C | 92.47 RH % | 0.00 CO vout raw | inf CO rs ohm
14ms -> 15ms, 995ms -> 996ms, 997ms -> 998ms, 1000ms -> 1001ms, 3.92 LDR mV | 1.67 lx | 996.08 hPa | 19.65 °C | 92.47 RH % | 0.00 CO vout raw | inf CO rs ohm
14ms -> 15ms, 995ms -> 996ms, 997ms -> 998ms, 1000ms -> 1001ms, 0.00 LDR mV | 0.00 lx | 996.07 hPa | 19.64 °C | 92.47 RH % | 0.00 CO vout raw | inf CO rs ohm
14ms -> 14ms, 995ms -> 995ms, 997ms -> 997ms, 1000ms -> 1000ms, 3.92 LDR mV | 1.67 lx | 996.11 hPa | 19.63 °C | 92.47 RH % | 0.00 CO vout raw | inf CO rs ohm
14ms -> 14ms, 995ms -> 995ms, 997ms -> 997ms, 1000ms -> 1000ms, 0.00 LDR mV | 0.00 lx | 996.03 hPa | 19.62 °C | 92.47 RH % | 0.00 CO vout raw | inf CO rs ohm
14ms -> 14ms, 995ms -> 995ms, 997ms -> 997ms, 1000ms -> 1000ms, 3.92 LDR mV | 1.67 lx | 996.04 hPa | 19.62 °C | 92.47 RH % | 0.00 CO vout raw | inf CO rs ohm
14ms -> 14ms, 995ms -> 995ms, 997ms -> 997ms, 1000ms -> 1000ms, 0.00 LDR mV | 0.00 lx | 996.07 hPa | 19.61 °C | 92.47 RH % | 0.00 CO vout raw | inf CO rs ohm
14ms -> 14ms, 995ms -> 995ms, 997ms -> 997ms, 1000ms -> 1000ms, 3.92 LDR mV | 1.67 lx | 996.08 hPa | 19.59 °C | 92.47 RH % | 0.00 CO vout raw | inf CO rs ohm
14ms -> 14ms, 995ms -> 995ms, 997ms -> 997ms, 1000ms -> 1000ms, 3.92 LDR mV | 1.67 lx | 996.08 hPa | 19.59 °C | 92.47 RH % | 0.00 CO vout raw | inf CO rs ohm
14ms -> 14ms, 995ms -> 995ms, 997ms -> 997ms, 1000ms -> 1000ms, 3.92 LDR mV | 1.67 lx | 996.07 hPa | 19.57 °C | 92.47 RH % | 0.00 CO vout raw | inf CO rs ohm
14ms -> 14ms, 995ms -> 995ms, 997ms -> 997ms, 1000ms -> 1000ms, 7.83 LDR mV | 2.36 lx | 996.09 hPa | 19.56 °C | 92.47 RH % | 1.00 CO vout raw | 10310407.00 CO rs ohm
14ms -> 14ms, 995ms -> 995ms, 997ms -> 997ms, 1000ms -> 1000ms, 3.92 LDR mV | 1.67 lx | 996.08 hPa | 19.55 °C | 92.47 RH % | 0.00 CO vout raw | inf CO rs ohm
14ms -> 14ms, 995ms -> 995ms, 997ms -> 997ms, 1000ms -> 1000ms, 3.92 LDR mV | 1.67 lx | 996.06 hPa | 19.53 °C | 92.47 RH % | 1.00 CO vout raw | 10310407.00 CO rs ohm
14ms -> 15ms, 995ms -> 996ms, 997ms -> 998ms, 1000ms -> 1001ms, 3.92 LDR mV | 1.67 lx | 996.04 hPa | 19.53 °C | 92.47 RH % | 0.00 CO vout raw | inf CO rs ohm
14ms -> 15ms, 995ms -> 996ms, 997ms -> 998ms, 1000ms -> 1001ms, 3.92 LDR mV | 1.67 lx | 996.11 hPa | 19.53 °C | 92.47 RH % | 0.00 CO vout raw | inf CO rs ohm
14ms -> 15ms, 995ms -> 996ms, 997ms -> 998ms, 1000ms -> 1001ms, 0.00 LDR mV | 0.00 lx | 996.11 hPa | 19.52 °C | 92.47 RH % | 0.00 CO vout raw | inf CO rs ohm
14ms -> 15ms, 995ms -> 996ms, 997ms -> 998ms, 1000ms -> 1001ms, 3.92 LDR mV | 1.67 lx | 996.06 hPa | 19.51 °C | 92.47 RH % | 0.00 CO vout raw | inf CO rs ohm
14ms -> 15ms, 995ms -> 996ms, 997ms -> 998ms, 1000ms -> 1001ms, 0.00 LDR mV | 0.00 lx | 996.04 hPa | 19.51 °C | 92.47 RH % | 0.00 CO vout raw | inf CO rs ohm
14ms -> 15ms, 995ms -> 996ms, 997ms -> 998ms, 1000ms -> 1001ms, 7.83 LDR mV | 2.36 lx | 996.11 hPa | 19.49 °C | 92.47 RH % | 0.00 CO vout raw | inf CO rs ohm
14ms -> 15ms, 995ms -> 996ms, 997ms -> 998ms, 1000ms -> 1001ms, 3.92 LDR mV | 1.67 lx | 996.06 hPa | 19.49 °C | 92.47 RH % | 0.00 CO vout raw | inf CO rs ohm
14ms -> 15ms, 995ms -> 996ms, 997ms -> 998ms, 1000ms -> 1001ms, 3.92 LDR mV | 1.67 lx | 996.11 hPa | 19.46 °C | 92.47 RH % | 0.00 CO vout raw | inf CO rs ohm
14ms -> 15ms, 995ms -> 996ms, 997ms -> 998ms, 1000ms -> 1001ms, 3.92 LDR mV | 1.67 lx | 996.09 hPa | 19.46 °C | 92.47 RH % | 0.00 CO vout raw | inf CO rs ohm
14ms -> 14ms, 995ms -> 995ms, 997ms -> 997ms, 1000ms -> 1000ms, 3.92 LDR mV | 1.67 lx | 996.00 hPa | 19.45 °C | 92.47 RH % | 0.00 CO vout raw | inf CO rs ohm
14ms -> 14ms, 995ms -> 995ms, 997ms -> 997ms, 1000ms -> 1000ms, 7.83 LDR mV | 2.36 lx | 996.07 hPa | 19.44 °C | 92.47 RH % | 0.00 CO vout raw | inf CO rs ohm
14ms -> 13ms, 995ms -> 994ms, 997ms -> 996ms, 1000ms -> 999ms, 0.00 LDR mV | 0.00 lx | 996.06 hPa | 19.43 °C | 92.47 RH % | 0.00 CO vout raw | inf CO rs ohm
14ms -> 13ms, 995ms -> 994ms, 997ms -> 996ms, 1000ms -> 999ms, 0.00 LDR mV | 0.00 lx | 996.03 hPa | 19.43 °C | 92.47 RH % | 0.00 CO vout raw | inf CO rs ohm
14ms -> 13ms, 995ms -> 994ms, 997ms -> 996ms, 1000ms -> 999ms, 0.00 LDR mV | 0.00 lx | 996.12 hPa | 19.42 °C | 92.47 RH % | 5.00 CO vout raw | 2054018.62 CO rs ohm
14ms -> 13ms, 995ms -> 994ms, 997ms -> 996ms, 1000ms -> 999ms, 7.83 LDR mV | 2.36 lx | 996.08 hPa | 19.41 °C | 92.47 RH % | 0.00 CO vout raw | inf CO rs ohm
14ms -> 13ms, 995ms -> 994ms, 997ms -> 996ms, 1000ms -> 999ms, 7.83 LDR mV | 2.36 lx | 996.11 hPa | 19.40 °C | 92.47 RH % | 0.00 CO vout raw | inf CO rs ohm
14ms -> 14ms, 995ms -> 995ms, 997ms -> 997ms, 1000ms -> 1000ms, 0.00 LDR mV | 0.00 lx | 996.06 hPa | 19.39 °C | 92.47 RH % | 0.00 CO vout raw | inf CO rs ohm
14ms -> 14ms, 995ms -> 995ms, 997ms -> 997ms, 1000ms -> 1000ms, 3.92 LDR mV | 1.67 lx | 996.13 hPa | 19.38 °C | 92.47 RH % | 0.00 CO vout raw | inf CO rs ohm
14ms -> 14ms, 995ms -> 995ms, 997ms -> 997ms, 1000ms -> 1000ms, 7.83 LDR mV | 2.36 lx | 996.08 hPa | 19.37 °C | 92.47 RH % | 0.00 CO vout raw | inf CO rs ohm
14ms -> 14ms, 995ms -> 995ms, 997ms -> 997ms, 1000ms -> 1000ms, 7.83 LDR mV | 2.36 lx | 996.15 hPa | 19.37 °C | 92.47 RH % | 0.00 CO vout raw | inf CO rs ohm
14ms -> 14ms, 995ms -> 995ms, 997ms -> 997ms, 1000ms -> 1001ms, 0.00 LDR mV | 0.00 lx | 996.09 hPa | 19.35 °C | 92.47 RH % | 0.00 CO vout raw | inf CO rs ohm
14ms -> 14ms, 995ms -> 995ms, 997ms -> 997ms, 1000ms -> 1001ms, 0.00 LDR mV | 0.00 lx | 996.12 hPa | 19.35 °C | 92.47 RH % | 0.00 CO vout raw | inf CO rs ohm
14ms -> 14ms, 995ms -> 995ms, 997ms -> 998ms, 1000ms -> 1001ms, 7.83 LDR mV | 2.36 lx | 996.06 hPa | 19.34 °C | 92.47 RH % | 6.00 CO vout raw | 1710002.50 CO rs ohm
14ms -> 15ms, 995ms -> 996ms, 997ms -> 998ms, 1000ms -> 1001ms, 0.00 LDR mV | 0.00 lx | 996.10 hPa | 19.33 °C | 92.47 RH % | 1.00 CO vout raw | 10310407.00 CO rs ohm
14ms -> 14ms, 995ms -> 995ms, 997ms -> 997ms, 1000ms -> 1000ms, 3.92 LDR mV | 1.67 lx | 996.09 hPa | 19.32 °C | 92.47 RH % | 0.00 CO vout raw | inf CO rs ohm
14ms -> 14ms, 995ms -> 995ms, 997ms -> 997ms, 1000ms -> 1000ms, 3.92 LDR mV | 1.67 lx | 996.03 hPa | 19.31 °C | 92.47 RH % | 0.00 CO vout raw | inf CO rs ohm
14ms -> 14ms, 995ms -> 995ms, 997ms -> 997ms, 1000ms -> 1000ms, 3.92 LDR mV | 1.67 lx | 996.10 hPa | 19.30 °C | 92.47 RH % | 0.00 CO vout raw | inf CO rs ohm
14ms -> 14ms, 995ms -> 995ms, 997ms -> 997ms, 1000ms -> 1000ms, 7.83 LDR mV | 2.36 lx | 996.06 hPa | 19.28 °C | 92.47 RH % | 0.00 CO vout raw | inf CO rs ohm
14ms -> 14ms, 995ms -> 995ms, 997ms -> 997ms, 1000ms -> 1000ms, 3.92 LDR mV | 1.67 lx | 996.06 hPa | 19.28 °C | 92.47 RH % | 0.00 CO vout raw | inf CO rs ohm
14ms -> 14ms, 995ms -> 995ms, 997ms -> 997ms, 1000ms -> 1000ms, 3.92 LDR mV | 1.67 lx | 996.08 hPa | 19.28 °C | 92.47 RH % | 0.00 CO vout raw | inf CO rs ohm
14ms -> 14ms, 995ms -> 995ms, 997ms -> 997ms, 1000ms -> 1000ms, 3.92 LDR mV | 1.67 lx | 996.13 hPa | 19.26 °C | 92.47 RH % | 0.00 CO vout raw | inf CO rs ohm
14ms -> 14ms, 995ms -> 995ms, 997ms -> 997ms, 1000ms -> 1000ms, 3.92 LDR mV | 1.67 lx | 996.12 hPa | 19.25 °C | 92.47 RH % | 0.00 CO vout raw | inf CO rs ohm
14ms -> 14ms, 995ms -> 995ms, 997ms -> 997ms, 1000ms -> 1000ms, 0.00 LDR mV | 0.00 lx | 996.10 hPa | 19.25 °C | 92.47 RH % | 0.00 CO vout raw | inf CO rs ohm
14ms -> 14ms, 995ms -> 995ms, 997ms -> 997ms, 1000ms -> 1000ms, 3.92 LDR mV | 1.67 lx | 996.12 hPa | 19.24 °C | 92.47 RH % | 1.00 CO vout raw | 10310407.00 CO rs ohm
14ms -> 14ms, 995ms -> 995ms, 997ms -> 997ms, 1000ms -> 1001ms, 0.00 LDR mV | 0.00 lx | 996.08 hPa | 19.23 °C | 92.47 RH % | 0.00 CO vout raw | inf CO rs ohm
14ms -> 14ms, 995ms -> 995ms, 997ms -> 997ms, 1000ms -> 1001ms, 3.92 LDR mV | 1.67 lx | 996.14 hPa | 19.22 °C | 92.47 RH % | 0.00 CO vout raw | inf CO rs ohm
14ms -> 14ms, 995ms -> 995ms, 997ms -> 998ms, 1000ms -> 1001ms, 3.92 LDR mV | 1.67 lx | 996.07 hPa | 19.21 °C | 92.47 RH % | 0.00 CO vout raw | inf CO rs ohm
14ms -> 15ms, 995ms -> 995ms, 997ms -> 998ms, 1000ms -> 1001ms, 3.92 LDR mV | 1.67 lx | 996.10 hPa | 19.20 °C | 92.47 RH % | 0.00 CO vout raw | inf CO rs ohm
14ms -> 15ms, 995ms -> 996ms, 997ms -> 998ms, 1000ms -> 1001ms, 3.92 LDR mV | 1.67 lx | 996.11 hPa | 19.19 °C | 92.47 RH % | 0.00 CO vout raw | inf CO rs ohm
14ms -> 15ms, 995ms -> 996ms, 997ms -> 998ms, 1000ms -> 1001ms, 7.83 LDR mV | 2.36 lx | 996.08 hPa | 19.19 °C | 92.47 RH % | 0.00 CO vout raw | inf CO rs ohm
14ms -> 15ms, 995ms -> 996ms, 997ms -> 998ms, 1000ms -> 1001ms, 7.83 LDR mV | 2.36 lx | 996.10 hPa | 19.18 °C | 92.47 RH % | 0.00 CO vout raw | inf CO rs ohm
14ms -> 15ms, 995ms -> 996ms, 997ms -> 998ms, 1000ms -> 1001ms, 3.92 LDR mV | 1.67 lx | 996.00 hPa | 19.16 °C | 92.47 RH % | 0.00 CO vout raw | inf CO rs ohm
14ms -> 15ms, 995ms -> 996ms, 997ms -> 998ms, 1000ms -> 1001ms, 3.92 LDR mV | 1.67 lx | 996.11 hPa | 19.15 °C | 92.47 RH % | 0.00 CO vout raw | inf CO rs ohm
14ms -> 15ms, 995ms -> 996ms, 997ms -> 998ms, 1000ms -> 1001ms, 0.00 LDR mV | 0.00 lx | 996.06 hPa | 19.15 °C | 92.47 RH % | 1.00 CO vout raw | 10310407.00 CO rs ohm
14ms -> 14ms, 995ms -> 995ms, 997ms -> 997ms, 1000ms -> 1000ms, 7.83 LDR mV | 2.36 lx | 996.14 hPa | 19.15 °C | 92.47 RH % | 0.00 CO vout raw | inf CO rs ohm
14ms -> 14ms, 995ms -> 995ms, 997ms -> 997ms, 1000ms -> 1000ms, 0.00 LDR mV | 0.00 lx | 996.11 hPa | 19.14 °C | 92.47 RH % | 0.00 CO vout raw | inf CO rs ohm
14ms -> 14ms, 995ms -> 995ms, 997ms -> 997ms, 1000ms -> 1000ms, 3.92 LDR mV | 1.67 lx | 996.15 hPa | 19.13 °C | 92.47 RH % | 0.00 CO vout raw | inf CO rs ohm
14ms -> 14ms, 995ms -> 995ms, 997ms -> 997ms, 1000ms -> 1000ms, 0.00 LDR mV | 0.00 lx | 996.08 hPa | 19.12 °C | 92.47 RH % | 7.00 CO vout raw | 1464276.62 CO rs ohm
14ms -> 14ms, 995ms -> 995ms, 997ms -> 997ms, 1000ms -> 1000ms, 0.00 LDR mV | 0.00 lx | 996.09 hPa | 19.11 °C | 92.47 RH % | 1.00 CO vout raw | 10310407.00 CO rs ohm
14ms -> 14ms, 995ms -> 995ms, 997ms -> 997ms, 1000ms -> 1001ms, 3.92 LDR mV | 1.67 lx | 996.12 hPa | 19.10 °C | 92.47 RH % | 0.00 CO vout raw | inf CO rs ohm
14ms -> 14ms, 995ms -> 995ms, 997ms -> 998ms, 1000ms -> 1001ms, 7.83 LDR mV | 2.36 lx | 996.09 hPa | 19.09 °C | 92.47 RH % | 0.00 CO vout raw | inf CO rs ohm
14ms -> 15ms, 995ms -> 995ms, 997ms -> 998ms, 1000ms -> 1001ms, 3.92 LDR mV | 1.67 lx | 996.07 hPa | 19.09 °C | 92.47 RH % | 0.00 CO vout raw | inf CO rs ohm
14ms -> 15ms, 995ms -> 996ms, 997ms -> 998ms, 1000ms -> 1001ms, 3.92 LDR mV | 1.67 lx | 996.14 hPa | 19.08 °C | 92.47 RH % | 0.00 CO vout raw | inf CO rs ohm
14ms -> 15ms, 995ms -> 996ms, 997ms -> 998ms, 1000ms -> 1001ms, 7.83 LDR mV | 2.36 lx | 996.11 hPa | 19.08 °C | 92.47 RH % | 0.00 CO vout raw | inf CO rs ohm
14ms -> 15ms, 995ms -> 996ms, 997ms -> 998ms, 1000ms -> 1001ms, 3.92 LDR mV | 1.67 lx | 996.10 hPa | 19.06 °C | 92.47 RH % | 0.00 CO vout raw | inf CO rs ohm
14ms -> 15ms, 995ms -> 996ms, 997ms -> 998ms, 1000ms -> 1001ms, 3.92 LDR mV | 1.67 lx | 996.13 hPa | 19.06 °C | 92.47 RH % | 0.00 CO vout raw | inf CO rs ohm
14ms -> 15ms, 995ms -> 996ms, 997ms -> 998ms, 1000ms -> 1001ms, 7.83 LDR mV | 2.36 lx | 996.07 hPa | 19.05 °C | 94.62 RH % | 0.00 CO vout raw | inf CO rs ohm
14ms -> 14ms, 995ms -> 995ms, 997ms -> 997ms, 1000ms -> 1001ms, 0.00 LDR mV | 0.00 lx | 996.10 hPa | 19.04 °C | 94.62 RH % | 1.00 CO vout raw | 10310407.00 CO rs ohm
14ms -> 13ms, 995ms -> 995ms, 997ms -> 996ms, 1000ms -> 1000ms, 0.00 LDR mV | 0.00 lx | 996.09 hPa | 19.02 °C | 94.62 RH % | 0.00 CO vout raw | inf CO rs ohm
14ms -> 13ms, 995ms -> 994ms, 997ms -> 996ms, 1000ms -> 999ms, 0.00 LDR mV | 0.00 lx | 996.14 hPa | 19.02 °C | 94.62 RH % | 0.00 CO vout raw | inf CO rs ohm
14ms -> 13ms, 995ms -> 994ms, 997ms -> 996ms, 1000ms -> 999ms, 7.83 LDR mV | 2.36 lx | 996.08 hPa | 19.02 °C | 94.62 RH % | 0.00 CO vout raw | inf CO rs ohm
14ms -> 14ms, 995ms -> 995ms, 997ms -> 997ms, 1000ms -> 1000ms, 3.92 LDR mV | 1.67 lx | 996.11 hPa | 19.01 °C | 94.62 RH % | 0.00 CO vout raw | inf CO rs ohm
14ms -> 14ms, 995ms -> 995ms, 997ms -> 997ms, 1000ms -> 1000ms, 0.00 LDR mV | 0.00 lx | 996.14 hPa | 19.00 °C | 92.47 RH % | 0.00 CO vout raw | inf CO rs ohm
14ms -> 14ms, 995ms -> 995ms, 997ms -> 997ms, 1000ms -> 1000ms, 3.92 LDR mV | 1.67 lx | 996.13 hPa | 19.00 °C | 94.62 RH % | 0.00 CO vout raw | inf CO rs ohm
14ms -> 14ms, 995ms -> 995ms, 997ms -> 997ms, 1000ms -> 1000ms, 0.00 LDR mV | 0.00 lx | 996.14 hPa | 18.99 °C | 94.62 RH % | 0.00 CO vout raw | inf CO rs ohm
14ms -> 14ms, 995ms -> 995ms, 997ms -> 997ms, 1000ms -> 1000ms, 3.92 LDR mV | 1.67 lx | 996.17 hPa | 18.98 °C | 94.62 RH % | 1.00 CO vout raw | 10310407.00 CO rs ohm
14ms -> 14ms, 995ms -> 995ms, 997ms -> 997ms, 1000ms -> 1001ms, 0.00 LDR mV | 0.00 lx | 996.14 hPa | 18.97 °C | 94.62 RH % | 0.00 CO vout raw | inf CO rs ohm
14ms -> 14ms, 995ms -> 995ms, 997ms -> 997ms, 1000ms -> 1001ms, 3.92 LDR mV | 1.67 lx | 996.11 hPa | 18.98 °C | 94.62 RH % | 0.00 CO vout raw | inf CO rs ohm
14ms -> 14ms, 995ms -> 995ms, 997ms -> 998ms, 1000ms -> 1001ms, 3.92 LDR mV | 1.67 lx | 996.13 hPa | 18.97 °C | 95.70 RH % | 0.00 CO vout raw | inf CO rs ohm
14ms -> 15ms, 995ms -> 996ms, 997ms -> 998ms, 1000ms -> 1001ms, 3.92 LDR mV | 1.67 lx | 996.11 hPa | 18.95 °C | 95.70 RH % | 1.00 CO vout raw | 10310407.00 CO rs ohm
14ms -> 15ms, 995ms -> 996ms, 997ms -> 998ms, 1000ms -> 1001ms, 3.92 LDR mV | 1.67 lx | 996.17 hPa | 18.95 °C | 95.70 RH % | 0.00 CO vout raw | inf CO rs ohm
14ms -> 15ms, 995ms -> 996ms, 997ms -> 998ms, 1000ms -> 1001ms, 0.00 LDR mV | 0.00 lx | 996.08 hPa | 18.94 °C | 95.70 RH % | 0.00 CO vout raw | inf CO rs ohm
14ms -> 15ms, 995ms -> 996ms, 997ms -> 998ms, 1000ms -> 1001ms, 3.92 LDR mV | 1.67 lx | 996.12 hPa | 18.93 °C | 95.70 RH % | 0.00 CO vout raw | inf CO rs ohm
14ms -> 15ms, 995ms -> 996ms, 997ms -> 998ms, 1000ms -> 1001ms, 3.92 LDR mV | 1.67 lx | 996.15 hPa | 18.93 °C | 95.70 RH % | 0.00 CO vout raw | inf CO rs ohm
14ms -> 14ms, 995ms -> 995ms, 997ms -> 997ms, 1000ms -> 1000ms, 3.92 LDR mV | 1.67 lx | 996.13 hPa | 18.92 °C | 95.70 RH % | 1.00 CO vout raw | 10310407.00 CO rs ohm
14ms -> 14ms, 995ms -> 995ms, 997ms -> 997ms, 1000ms -> 1000ms, 7.83 LDR mV | 2.36 lx | 996.19 hPa | 18.92 °C | 95.70 RH % | 0.00 CO vout raw | inf CO rs ohm
14ms -> 14ms, 995ms -> 995ms, 997ms -> 997ms, 1000ms -> 1000ms, 0.00 LDR mV | 0.00 lx | 996.11 hPa | 18.91 °C | 92.47 RH % | 0.00 CO vout raw | inf CO rs ohm
14ms -> 14ms, 995ms -> 995ms, 997ms -> 997ms, 1000ms -> 1000ms, 0.00 LDR mV | 0.00 lx | 996.15 hPa | 18.90 °C | 95.70 RH % | 0.00 CO vout raw | inf CO rs ohm
14ms -> 14ms, 995ms -> 995ms, 997ms -> 997ms, 1000ms -> 1000ms, 7.83 LDR mV | 2.36 lx | 996.16 hPa | 18.89 °C | 95.70 RH % | 1.00 CO vout raw | 10310407.00 CO rs ohm
14ms -> 14ms, 995ms -> 995ms, 997ms -> 998ms, 1000ms -> 1001ms, 0.00 LDR mV | 0.00 lx | 996.11 hPa | 18.87 °C | 95.70 RH % | 0.00 CO vout raw | inf CO rs ohm
14ms -> 15ms, 995ms -> 996ms, 997ms -> 998ms, 1000ms -> 1001ms, 3.92 LDR mV | 1.67 lx | 996.09 hPa | 18.87 °C | 92.47 RH % | 0.00 CO vout raw | inf CO rs ohm
14ms -> 15ms, 995ms -> 996ms, 997ms -> 998ms, 1000ms -> 1001ms, 0.00 LDR mV | 0.00 lx | 996.11 hPa | 18.86 °C | 95.70 RH % | 0.00 CO vout raw | inf CO rs ohm
14ms -> 15ms, 995ms -> 996ms, 997ms -> 998ms, 1000ms -> 1001ms, 3.92 LDR mV | 1.67 lx | 996.18 hPa | 18.86 °C | 95.70 RH % | 0.00 CO vout raw | inf CO rs ohm
14ms -> 15ms, 995ms -> 996ms, 997ms -> 998ms, 1000ms -> 1001ms, 0.00 LDR mV | 0.00 lx | 996.10 hPa | 18.85 °C | 95.70 RH % | 0.00 CO vout raw | inf CO rs ohm
14ms -> 15ms, 995ms -> 996ms, 997ms -> 998ms, 1000ms -> 1001ms, 0.00 LDR mV | 0.00 lx | 996.18 hPa | 18.84 °C | 95.70 RH % | 0.00 CO vout raw | inf CO rs ohm
14ms -> 15ms, 995ms -> 996ms, 997ms -> 998ms, 1000ms -> 1001ms, 3.92 LDR mV | 1.67 lx | 996.11 hPa | 18.84 °C | 95.70 RH % | 0.00 CO vout raw | inf CO rs ohm
14ms -> 15ms, 995ms -> 996ms, 997ms -> 998ms, 1000ms -> 1001ms, 7.83 LDR mV | 2.36 lx | 996.17 hPa | 18.83 °C | 95.70 RH % | 0.00 CO vout raw | inf CO rs ohm
14ms -> 15ms, 995ms -> 996ms, 997ms -> 998ms, 1000ms -> 1001ms, 0.00 LDR mV | 0.00 lx | 996.12 hPa | 18.82 °C | 95.70 RH % | 0.00 CO vout raw | inf CO rs ohm
14ms -> 15ms, 995ms -> 996ms, 997ms -> 998ms, 1000ms -> 1001ms, 0.00 LDR mV | 0.00 lx | 996.08 hPa | 18.81 °C | 95.70 RH % | 0.00 CO vout raw | inf CO rs ohm
14ms -> 14ms, 995ms -> 995ms, 997ms -> 997ms, 1000ms -> 1000ms, 0.00 LDR mV | 0.00 lx | 996.12 hPa | 18.81 °C | 95.70 RH % | 0.00 CO vout raw | inf CO rs ohm
14ms -> 14ms, 995ms -> 995ms, 997ms -> 997ms, 1000ms -> 1000ms, 0.00 LDR mV | 0.00 lx | 996.19 hPa | 18.80 °C | 95.70 RH % | 0.00 CO vout raw | inf CO rs ohm
14ms -> 14ms, 995ms -> 995ms, 997ms -> 997ms, 1000ms -> 1000ms, 3.92 LDR mV | 1.67 lx | 996.16 hPa | 18.79 °C | 95.70 RH % | 0.00 CO vout raw | inf CO rs ohm
14ms -> 14ms, 995ms -> 995ms, 997ms -> 997ms, 1000ms -> 1000ms, 0.00 LDR mV | 0.00 lx | 996.08 hPa | 18.79 °C | 95.70 RH % | 0.00 CO vout raw | inf CO rs ohm
14ms -> 14ms, 995ms -> 995ms, 997ms -> 997ms, 1000ms -> 1000ms, 3.92 LDR mV | 1.67 lx | 996.16 hPa | 18.78 °C | 95.70 RH % | 0.00 CO vout raw | inf CO rs ohm
14ms -> 14ms, 995ms -> 995ms, 997ms -> 997ms, 1000ms -> 1000ms, 0.00 LDR mV | 0.00 lx | 996.17 hPa | 18.78 °C | 95.70 RH % | 7.00 CO vout raw | 1464276.62 CO rs ohm
14ms -> 14ms, 995ms -> 995ms, 997ms -> 997ms, 1000ms -> 1000ms, 0.00 LDR mV | 0.00 lx | 996.20 hPa | 18.76 °C | 95.70 RH % | 0.00 CO vout raw | inf CO rs ohm
14ms -> 14ms, 995ms -> 995ms, 997ms -> 997ms, 1000ms -> 1000ms, 0.00 LDR mV | 0.00 lx | 996.17 hPa | 18.75 °C | 95.70 RH % | 0.00 CO vout raw | inf CO rs ohm
14ms -> 14ms, 995ms -> 995ms, 997ms -> 997ms, 1000ms -> 1000ms, 0.00 LDR mV | 0.00 lx | 996.10 hPa | 18.76 °C | 95.70 RH % | 0.00 CO vout raw | inf CO rs ohm
14ms -> 14ms, 995ms -> 995ms, 997ms -> 997ms, 1000ms -> 1000ms, 7.83 LDR mV | 2.36 lx | 996.14 hPa | 18.75 °C | 95.70 RH % | 0.00 CO vout raw | inf CO rs ohm
14ms -> 14ms, 995ms -> 995ms, 997ms -> 997ms, 1000ms -> 1000ms, 7.83 LDR mV | 2.36 lx | 996.15 hPa | 18.74 °C | 95.70 RH % | 0.00 CO vout raw | inf CO rs ohm
14ms -> 14ms, 995ms -> 995ms, 997ms -> 997ms, 1000ms -> 1000ms, 3.92 LDR mV | 1.67 lx | 996.16 hPa | 18.74 °C | 95.70 RH % | 0.00 CO vout raw | inf CO rs ohm
14ms -> 14ms, 995ms -> 995ms, 997ms -> 997ms, 1000ms -> 1001ms, 0.00 LDR mV | 0.00 lx | 996.11 hPa | 18.73 °C | 95.70 RH % | 0.00 CO vout raw | inf CO rs ohm
14ms -> 14ms, 995ms -> 995ms, 997ms -> 997ms, 1000ms -> 1001ms, 7.83 LDR mV | 2.36 lx | 996.19 hPa | 18.73 °C | 95.70 RH % | 0.00 CO vout raw | inf CO rs ohm
14ms -> 14ms, 995ms -> 995ms, 997ms -> 998ms, 1000ms -> 1001ms, 0.00 LDR mV | 0.00 lx | 996.15 hPa | 18.73 °C | 95.70 RH % | 0.00 CO vout raw | inf CO rs ohm
14ms -> 14ms, 995ms -> 995ms, 997ms -> 998ms, 1000ms -> 1001ms, 0.00 LDR mV | 0.00 lx | 996.18 hPa | 18.71 °C | 95.70 RH % | 0.00 CO vout raw | inf CO rs ohm
14ms -> 15ms, 995ms -> 996ms, 997ms -> 998ms, 1000ms -> 1001ms, 0.00 LDR mV | 0.00 lx | 996.15 hPa | 18.71 °C | 95.70 RH % | 1.00 CO vout raw | 10310407.00 CO rs ohm
14ms -> 15ms, 995ms -> 996ms, 997ms -> 998ms, 1000ms -> 1001ms, 0.00 LDR mV | 0.00 lx | 996.23 hPa | 18.70 °C | 95.70 RH % | 1.00 CO vout raw | 10310407.00 CO rs ohm
14ms -> 14ms, 995ms -> 995ms, 997ms -> 997ms, 1000ms -> 1000ms, 3.92 LDR mV | 1.67 lx | 996.18 hPa | 18.70 °C | 95.70 RH % | 0.00 CO vout raw | inf CO rs ohm
14ms -> 14ms, 995ms -> 995ms, 997ms -> 997ms, 1000ms -> 1000ms, 0.00 LDR mV | 0.00 lx | 996.18 hPa | 18.70 °C | 95.70 RH % | 0.00 CO vout raw | inf CO rs ohm
14ms -> 14ms, 995ms -> 995ms, 997ms -> 997ms, 1000ms -> 1000ms, 3.92 LDR mV | 1.67 lx | 996.18 hPa | 18.69 °C | 95.70 RH % | 0.00 CO vout raw | inf CO rs ohm
14ms -> 14ms, 995ms -> 995ms, 997ms -> 997ms, 1000ms -> 1000ms, 0.00 LDR mV | 0.00 lx | 996.14 hPa | 18.69 °C | 95.70 RH % | 0.00 CO vout raw | inf CO rs ohm
14ms -> 14ms, 995ms -> 995ms, 997ms -> 997ms, 1000ms -> 1000ms, 0.00 LDR mV | 0.00 lx | 996.22 hPa | 18.67 °C | 95.70 RH % | 0.00 CO vout raw | inf CO rs ohm
14ms -> 14ms, 995ms -> 995ms, 997ms -> 997ms, 1000ms -> 1000ms, 7.83 LDR mV | 2.36 lx | 996.10 hPa | 18.66 °C | 95.70 RH % | 1.00 CO vout raw | 10310407.00 CO rs ohm
14ms -> 13ms, 995ms -> 994ms, 997ms -> 996ms, 1000ms -> 1000ms, 7.83 LDR mV | 2.36 lx | 996.17 hPa | 18.66 °C | 95.70 RH % | 0.00 CO vout raw | inf CO rs ohm
14ms -> 14ms, 995ms -> 995ms, 997ms -> 997ms, 1000ms -> 1000ms, 7.83 LDR mV | 2.36 lx | 996.22 hPa | 18.65 °C | 95.70 RH % | 1.00 CO vout raw | 10310407.00 CO rs ohm
14ms -> 14ms, 995ms -> 995ms, 997ms -> 997ms, 1000ms -> 1000ms, 0.00 LDR mV | 0.00 lx | 996.26 hPa | 18.64 °C | 95.70 RH % | 1.00 CO vout raw | 10310407.00 CO rs ohm
14ms -> 13ms, 995ms -> 994ms, 997ms -> 996ms, 1000ms -> 1000ms, 0.00 LDR mV | 0.00 lx | 996.19 hPa | 18.64 °C | 95.70 RH % | 0.00 CO vout raw | inf CO rs ohm
14ms -> 13ms, 995ms -> 994ms, 997ms -> 996ms, 1000ms -> 999ms, 0.00 LDR mV | 0.00 lx | 996.21 hPa | 18.64 °C | 95.70 RH % | 0.00 CO vout raw | inf CO rs ohm
14ms -> 13ms, 995ms -> 994ms, 997ms -> 996ms, 1000ms -> 999ms, 7.83 LDR mV | 2.36 lx | 996.19 hPa | 18.63 °C | 95.70 RH % | 0.00 CO vout raw | inf CO rs ohm
14ms -> 13ms, 995ms -> 994ms, 997ms -> 996ms, 1000ms -> 999ms, 3.92 LDR mV | 1.67 lx | 996.18 hPa | 18.62 °C | 95.70 RH % | 0.00 CO vout raw | inf CO rs ohm
14ms -> 13ms, 995ms -> 994ms, 997ms -> 996ms, 1000ms -> 999ms, 0.00 LDR mV | 0.00 lx | 996.15 hPa | 18.61 °C | 95.70 RH % | 0.00 CO vout raw | inf CO rs ohm
14ms -> 13ms, 995ms -> 994ms, 997ms -> 996ms, 1000ms -> 999ms, 3.92 LDR mV | 1.67 lx | 996.19 hPa | 18.61 °C | 95.70 RH % | 0.00 CO vout raw | inf CO rs ohm
14ms -> 13ms, 995ms -> 994ms, 997ms -> 996ms, 1000ms -> 999ms, 3.92 LDR mV | 1.67 lx | 996.19 hPa | 18.60 °C | 95.70 RH % | 0.00 CO vout raw | inf CO rs ohm
14ms -> 13ms, 995ms -> 994ms, 997ms -> 996ms, 1000ms -> 999ms, 0.00 LDR mV | 0.00 lx | 996.24 hPa | 18.60 °C | 95.70 RH % | 0.00 CO vout raw | inf CO rs ohm
14ms -> 13ms, 995ms -> 994ms, 997ms -> 996ms, 1000ms -> 999ms, 0.00 LDR mV | 0.00 lx | 996.15 hPa | 18.59 °C | 95.70 RH % | 0.00 CO vout raw | inf CO rs ohm
14ms -> 13ms, 995ms -> 994ms, 997ms -> 996ms, 1000ms -> 999ms, 0.00 LDR mV | 0.00 lx | 996.13 hPa | 18.58 °C | 95.70 RH % | 0.00 CO vout raw | inf CO rs ohm
14ms -> 13ms, 995ms -> 994ms, 997ms -> 996ms, 1000ms -> 999ms, 0.00 LDR mV | 0.00 lx | 996.17 hPa | 18.57 °C | 95.70 RH % | 6.00 CO vout raw | 1710002.50 CO rs ohm
14ms -> 13ms, 995ms -> 994ms, 997ms -> 996ms, 1000ms -> 999ms, 3.92 LDR mV | 1.67 lx | 996.24 hPa | 18.58 °C | 95.70 RH % | 1.00 CO vout raw | 10310407.00 CO rs ohm
14ms -> 14ms, 995ms -> 995ms, 997ms -> 997ms, 1000ms -> 1000ms, 0.00 LDR mV | 0.00 lx | 996.19 hPa | 18.56 °C | 95.70 RH % | 0.00 CO vout raw | inf CO rs ohm
14ms -> 14ms, 995ms -> 995ms, 997ms -> 997ms, 1000ms -> 1000ms, 0.00 LDR mV | 0.00 lx | 996.21 hPa | 18.55 °C | 95.70 RH % | 4.00 CO vout raw | 2570043.00 CO rs ohm
14ms -> 13ms, 995ms -> 994ms, 997ms -> 996ms, 1000ms -> 1000ms, 0.00 LDR mV | 0.00 lx | 996.12 hPa | 18.54 °C | 95.70 RH % | 0.00 CO vout raw | inf CO rs ohm
14ms -> 13ms, 995ms -> 994ms, 997ms -> 996ms, 1000ms -> 999ms, 0.00 LDR mV | 0.00 lx | 996.21 hPa | 18.54 °C | 95.70 RH % | 0.00 CO vout raw | inf CO rs ohm
14ms -> 13ms, 995ms -> 994ms, 997ms -> 996ms, 1000ms -> 999ms, 7.83 LDR mV | 2.36 lx | 996.18 hPa | 18.53 °C | 95.70 RH % | 0.00 CO vout raw | inf CO rs ohm
14ms -> 13ms, 995ms -> 994ms, 997ms -> 996ms, 1000ms -> 999ms, 0.00 LDR mV | 0.00 lx | 996.23 hPa | 18.52 °C | 95.70 RH % | 0.00 CO vout raw | inf CO rs ohm
14ms -> 13ms, 995ms -> 994ms, 997ms -> 996ms, 1000ms -> 999ms, 7.83 LDR mV | 2.36 lx | 996.18 hPa | 18.52 °C | 95.70 RH % | 0.00 CO vout raw | inf CO rs ohm
14ms -> 13ms, 995ms -> 994ms, 997ms -> 996ms, 1000ms -> 999ms, 0.00 LDR mV | 0.00 lx | 996.25 hPa | 18.52 °C | 95.70 RH % | 0.00 CO vout raw | inf CO rs ohm
14ms -> 13ms, 995ms -> 994ms, 997ms -> 996ms, 1000ms -> 999ms, 3.92 LDR mV | 1.67 lx | 996.23 hPa | 18.51 °C | 95.70 RH % | 0.00 CO vout raw | inf CO rs ohm
14ms -> 13ms, 995ms -> 994ms, 997ms -> 996ms, 1000ms -> 999ms, 0.00 LDR mV | 0.00 lx | 996.16 hPa | 18.50 °C | 95.70 RH % | 0.00 CO vout raw | inf CO rs ohm
14ms -> 13ms, 995ms -> 994ms, 997ms -> 996ms, 1000ms -> 999ms, 0.00 LDR mV | 0.00 lx | 996.25 hPa | 18.51 °C | 95.70 RH % | 0.00 CO vout raw | inf CO rs ohm
14ms -> 13ms, 995ms -> 994ms, 997ms -> 996ms, 1000ms -> 999ms, 0.00 LDR mV | 0.00 lx | 996.16 hPa | 18.50 °C | 95.70 RH % | 0.00 CO vout raw | inf CO rs ohm
14ms -> 14ms, 995ms -> 995ms, 997ms -> 997ms, 1000ms -> 1000ms, 0.00 LDR mV | 0.00 lx | 996.19 hPa | 18.49 °C | 95.70 RH % | 3.00 CO vout raw | 3430083.75 CO rs ohm
14ms -> 13ms, 995ms -> 994ms, 997ms -> 996ms, 1000ms -> 999ms, 0.00 LDR mV | 0.00 lx | 996.20 hPa | 18.48 °C | 95.70 RH % | 6.00 CO vout raw | 1710002.50 CO rs ohm
14ms -> 14ms, 995ms -> 995ms, 997ms -> 997ms, 1000ms -> 1000ms, 0.00 LDR mV | 0.00 lx | 996.18 hPa | 18.48 °C | 95.70 RH % | 0.00 CO vout raw | inf CO rs ohm
14ms -> 14ms, 995ms -> 995ms, 997ms -> 997ms, 1000ms -> 1000ms, 0.00 LDR mV | 0.00 lx | 996.25 hPa | 18.48 °C | 95.70 RH % | 0.00 CO vout raw | inf CO rs ohm
14ms -> 14ms, 995ms -> 995ms, 997ms -> 997ms, 1000ms -> 1000ms, 0.00 LDR mV | 0.00 lx | 996.18 hPa | 18.47 °C | 95.70 RH % | 0.00 CO vout raw | inf CO rs ohm
14ms -> 15ms, 995ms -> 996ms, 997ms -> 998ms, 1000ms -> 1001ms, 0.00 LDR mV | 0.00 lx | 996.26 hPa | 18.46 °C | 95.70 RH % | 0.00 CO vout raw | inf CO rs ohm
14ms -> 15ms, 995ms -> 996ms, 997ms -> 998ms, 1000ms -> 1001ms, 0.00 LDR mV | 0.00 lx | 996.14 hPa | 18.46 °C | 95.70 RH % | 0.00 CO vout raw | inf CO rs ohm
14ms -> 15ms, 995ms -> 996ms, 997ms -> 998ms, 1000ms -> 1001ms, 0.00 LDR mV | 0.00 lx | 996.20 hPa | 18.46 °C | 95.70 RH % | 0.00 CO vout raw | inf CO rs ohm
14ms -> 15ms, 995ms -> 996ms, 997ms -> 998ms, 1000ms -> 1001ms, 0.00 LDR mV | 0.00 lx | 996.20 hPa | 18.46 °C | 95.70 RH % | 1.00 CO vout raw | 10310407.00 CO rs ohm
14ms -> 13ms, 995ms -> 994ms, 997ms -> 996ms, 1000ms -> 999ms, 7.83 LDR mV | 2.36 lx | 996.16 hPa | 18.44 °C | 95.70 RH % | 1.00 CO vout raw | 10310407.00 CO rs ohm
14ms -> 13ms, 995ms -> 994ms, 997ms -> 996ms, 1000ms -> 999ms, 3.92 LDR mV | 1.67 lx | 996.24 hPa | 18.44 °C | 95.70 RH % | 0.00 CO vout raw | inf CO rs ohm
14ms -> 13ms, 995ms -> 994ms, 997ms -> 996ms, 1000ms -> 999ms, 7.83 LDR mV | 2.36 lx | 996.22 hPa | 18.42 °C | 95.70 RH % | 0.00 CO vout raw | inf CO rs ohm
14ms -> 13ms, 995ms -> 994ms, 997ms -> 996ms, 1000ms -> 999ms, 7.83 LDR mV | 2.36 lx | 996.24 hPa | 18.43 °C | 95.70 RH % | 1.00 CO vout raw | 10310407.00 CO rs ohm
14ms -> 15ms, 995ms -> 996ms, 997ms -> 998ms, 1000ms -> 1001ms, 3.92 LDR mV | 1.67 lx | 996.25 hPa | 18.42 °C | 95.70 RH % | 0.00 CO vout raw | inf CO rs ohm
14ms -> 14ms, 995ms -> 996ms, 997ms -> 997ms, 1000ms -> 1001ms, 0.00 LDR mV | 0.00 lx | 996.27 hPa | 18.42 °C | 95.70 RH % | 0.00 CO vout raw | inf CO rs ohm
14ms -> 14ms, 995ms -> 996ms, 997ms -> 997ms, 1000ms -> 1001ms, 3.92 LDR mV | 1.67 lx | 996.26 hPa | 18.41 °C | 95.70 RH % | 0.00 CO vout raw | inf CO rs ohm
14ms -> 14ms, 995ms -> 996ms, 997ms -> 997ms, 1000ms -> 1001ms, 0.00 LDR mV | 0.00 lx | 996.16 hPa | 18.41 °C | 95.70 RH % | 0.00 CO vout raw | inf CO rs ohm
14ms -> 14ms, 995ms -> 995ms, 997ms -> 997ms, 1000ms -> 1001ms, 0.00 LDR mV | 0.00 lx | 996.19 hPa | 18.39 °C | 95.70 RH % | 0.00 CO vout raw | inf CO rs ohm
14ms -> 14ms, 995ms -> 995ms, 997ms -> 997ms, 1000ms -> 1000ms, 0.00 LDR mV | 0.00 lx | 996.19 hPa | 18.39 °C | 95.70 RH % | 6.00 CO vout raw | 1710002.50 CO rs ohm
14ms -> 13ms, 995ms -> 995ms, 997ms -> 996ms, 1000ms -> 1000ms, 0.00 LDR mV | 0.00 lx | 996.19 hPa | 18.39 °C | 95.70 RH % | 0.00 CO vout raw | inf CO rs ohm
14ms -> 14ms, 995ms -> 995ms, 997ms -> 997ms, 1000ms -> 1000ms, 7.83 LDR mV | 2.36 lx | 996.27 hPa | 18.38 °C | 95.70 RH % | 0.00 CO vout raw | inf CO rs ohm
14ms -> 14ms, 995ms -> 995ms, 997ms -> 997ms, 1000ms -> 1000ms, 11.75 LDR mV | 2.84 lx | 996.23 hPa | 18.38 °C | 95.70 RH % | 0.00 CO vout raw | inf CO rs ohm
14ms -> 14ms, 995ms -> 995ms, 997ms -> 997ms, 1000ms -> 1000ms, 3.92 LDR mV | 1.67 lx | 996.25 hPa | 18.37 °C | 95.70 RH % | 0.00 CO vout raw | inf CO rs ohm
14ms -> 14ms, 995ms -> 995ms, 997ms -> 997ms, 1000ms -> 1000ms, 0.00 LDR mV | 0.00 lx | 996.21 hPa | 18.37 °C | 95.70 RH % | 0.00 CO vout raw | inf CO rs ohm
14ms -> 13ms, 995ms -> 995ms, 997ms -> 996ms, 1000ms -> 1000ms, 0.00 LDR mV | 0.00 lx | 996.20 hPa | 18.37 °C | 95.70 RH % | 0.00 CO vout raw | inf CO rs ohm
14ms -> 13ms, 995ms -> 994ms, 997ms -> 996ms, 1000ms -> 999ms, 0.00 LDR mV | 0.00 lx | 996.31 hPa | 18.35 °C | 95.70 RH % | 0.00 CO vout raw | inf CO rs ohm
14ms -> 13ms, 995ms -> 994ms, 997ms -> 996ms, 1000ms -> 1000ms, 7.83 LDR mV | 2.36 lx | 996.23 hPa | 18.35 °C | 95.70 RH % | 0.00 CO vout raw | inf CO rs ohm
14ms -> 13ms, 995ms -> 995ms, 997ms -> 996ms, 1000ms -> 1000ms, 7.83 LDR mV | 2.36 lx | 996.26 hPa | 18.34 °C | 95.70 RH % | 0.00 CO vout raw | inf CO rs ohm
14ms -> 13ms, 995ms -> 994ms, 997ms -> 996ms, 1000ms -> 999ms, 0.00 LDR mV | 0.00 lx | 996.27 hPa | 18.34 °C | 95.70 RH % | 0.00 CO vout raw | inf CO rs ohm
14ms -> 13ms, 995ms -> 994ms, 997ms -> 996ms, 1000ms -> 999ms, 0.00 LDR mV | 0.00 lx | 996.26 hPa | 18.34 °C | 95.70 RH % | 0.00 CO vout raw | inf CO rs ohm
14ms -> 13ms, 995ms -> 994ms, 997ms -> 996ms, 1000ms -> 999ms, 0.00 LDR mV | 0.00 lx | 996.27 hPa | 18.33 °C | 95.70 RH % | 0.00 CO vout raw | inf CO rs ohm
14ms -> 13ms, 995ms -> 994ms, 997ms -> 996ms, 1000ms -> 999ms, 0.00 LDR mV | 0.00 lx | 996.27 hPa | 18.32 °C | 95.70 RH % | 0.00 CO vout raw | inf CO rs ohm
14ms -> 13ms, 995ms -> 994ms, 997ms -> 996ms, 1000ms -> 999ms, 3.92 LDR mV | 1.67 lx | 996.18 hPa | 18.32 °C | 95.70 RH % | 0.00 CO vout raw | inf CO rs ohm
14ms -> 13ms, 995ms -> 994ms, 997ms -> 996ms, 1000ms -> 999ms, 0.00 LDR mV | 0.00 lx | 996.22 hPa | 18.31 °C | 95.70 RH % | 0.00 CO vout raw | inf CO rs ohm
14ms -> 13ms, 995ms -> 994ms, 997ms -> 996ms, 1000ms -> 999ms, 3.92 LDR mV | 1.67 lx | 996.21 hPa | 18.31 °C | 95.70 RH % | 0.00 CO vout raw | inf CO rs ohm
14ms -> 13ms, 995ms -> 994ms, 997ms -> 996ms, 1000ms -> 999ms, 3.92 LDR mV | 1.67 lx | 996.26 hPa | 18.30 °C | 95.70 RH % | 0.00 CO vout raw | inf CO rs ohm
14ms -> 13ms, 995ms -> 994ms, 997ms -> 996ms, 1000ms -> 1000ms, 3.92 LDR mV | 1.67 lx | 996.22 hPa | 18.31 °C | 95.70 RH % | 0.00 CO vout raw | inf CO rs ohm
14ms -> 13ms, 995ms -> 994ms, 997ms -> 996ms, 1000ms -> 1000ms, 0.00 LDR mV | 0.00 lx | 996.26 hPa | 18.30 °C | 95.70 RH % | 0.00 CO vout raw | inf CO rs ohm
14ms -> 14ms, 995ms -> 994ms, 997ms -> 997ms, 1000ms -> 1000ms, 3.92 LDR mV | 1.67 lx | 996.27 hPa | 18.29 °C | 95.70 RH % | 0.00 CO vout raw | inf CO rs ohm
14ms -> 14ms, 995ms -> 995ms, 997ms -> 997ms, 1000ms -> 1000ms, 0.00 LDR mV | 0.00 lx | 996.23 hPa | 18.29 °C | 95.70 RH % | 0.00 CO vout raw | inf CO rs ohm
14ms -> 14ms, 995ms -> 995ms, 997ms -> 997ms, 1000ms -> 1000ms, 3.92 LDR mV | 1.67 lx | 996.25 hPa | 18.29 °C | 95.70 RH % | 0.00 CO vout raw | inf CO rs ohm
14ms -> 14ms, 995ms -> 995ms, 997ms -> 997ms, 1000ms -> 1000ms, 0.00 LDR mV | 0.00 lx | 996.28 hPa | 18.27 °C | 95.70 RH % | 0.00 CO vout raw | inf CO rs ohm
14ms -> 14ms, 995ms -> 995ms, 997ms -> 997ms, 1000ms -> 1000ms, 3.92 LDR mV | 1.67 lx | 996.23 hPa | 18.27 °C | 95.70 RH % | 0.00 CO vout raw | inf CO rs ohm
14ms -> 14ms, 995ms -> 995ms, 997ms -> 997ms, 1000ms -> 1000ms, 3.92 LDR mV | 1.67 lx | 996.23 hPa | 18.26 °C | 95.70 RH % | 6.00 CO vout raw | 1710002.50 CO rs ohm
14ms -> 13ms, 995ms -> 994ms, 997ms -> 996ms, 1000ms -> 999ms, 0.00 LDR mV | 0.00 lx | 996.24 hPa | 18.26 °C | 95.70 RH % | 0.00 CO vout raw | inf CO rs ohm
14ms -> 13ms, 995ms -> 994ms, 997ms -> 996ms, 1000ms -> 999ms, 3.92 LDR mV | 1.67 lx | 996.24 hPa | 18.26 °C | 95.70 RH % | 1.00 CO vout raw | 10310407.00 CO rs ohm
14ms -> 13ms, 995ms -> 994ms, 997ms -> 996ms, 1000ms -> 999ms, 0.00 LDR mV | 0.00 lx | 996.24 hPa | 18.26 °C | 95.70 RH % | 6.00 CO vout raw | 1710002.50 CO rs ohm
14ms -> 14ms, 995ms -> 995ms, 997ms -> 997ms, 1000ms -> 1001ms, 3.92 LDR mV | 1.67 lx | 996.26 hPa | 18.25 °C | 95.70 RH % | 0.00 CO vout raw | inf CO rs ohm
14ms -> 14ms, 995ms -> 995ms, 997ms -> 998ms, 1000ms -> 1001ms, 0.00 LDR mV | 0.00 lx | 996.22 hPa | 18.24 °C | 95.70 RH % | 0.00 CO vout raw | inf CO rs ohm
14ms -> 15ms, 995ms -> 995ms, 997ms -> 998ms, 1000ms -> 1001ms, 3.92 LDR mV | 1.67 lx | 996.22 hPa | 18.24 °C | 95.70 RH % | 0.00 CO vout raw | inf CO rs ohm
14ms -> 15ms, 995ms -> 996ms, 997ms -> 998ms, 1000ms -> 1001ms, 3.92 LDR mV | 1.67 lx | 996.25 hPa | 18.23 °C | 95.70 RH % | 0.00 CO vout raw | inf CO rs ohm
14ms -> 14ms, 995ms -> 996ms, 997ms -> 997ms, 1000ms -> 1001ms, 0.00 LDR mV | 0.00 lx | 996.21 hPa | 18.22 °C | 95.70 RH % | 1.00 CO vout raw | 10310407.00 CO rs ohm
14ms -> 15ms, 995ms -> 996ms, 997ms -> 998ms, 1000ms -> 1001ms, 3.92 LDR mV | 1.67 lx | 996.22 hPa | 18.22 °C | 95.70 RH % | 1.00 CO vout raw | 10310407.00 CO rs ohm
14ms -> 14ms, 995ms -> 995ms, 997ms -> 997ms, 1000ms -> 1000ms, 7.83 LDR mV | 2.36 lx | 996.30 hPa | 18.22 °C | 95.70 RH % | 0.00 CO vout raw | inf CO rs ohm
14ms -> 14ms, 995ms -> 995ms, 997ms -> 997ms, 1000ms -> 1000ms, 0.00 LDR mV | 0.00 lx | 996.24 hPa | 18.22 °C | 95.70 RH % | 0.00 CO vout raw | inf CO rs ohm
14ms -> 14ms, 995ms -> 995ms, 997ms -> 997ms, 1000ms -> 1000ms, 0.00 LDR mV | 0.00 lx | 996.26 hPa | 18.21 °C | 95.70 RH % | 0.00 CO vout raw | inf CO rs ohm
14ms -> 14ms, 995ms -> 995ms, 997ms -> 997ms, 1000ms -> 1000ms, 7.83 LDR mV | 2.36 lx | 996.24 hPa | 18.21 °C | 95.70 RH % | 0.00 CO vout raw | inf CO rs ohm
14ms -> 14ms, 995ms -> 995ms, 997ms -> 997ms, 1000ms -> 1000ms, 0.00 LDR mV | 0.00 lx | 996.24 hPa | 18.21 °C | 95.70 RH % | 0.00 CO vout raw | inf CO rs ohm
14ms -> 14ms, 995ms -> 995ms, 997ms -> 997ms, 1000ms -> 1000ms, 0.00 LDR mV | 0.00 lx | 996.34 hPa | 18.20 °C | 95.70 RH % | 0.00 CO vout raw | inf CO rs ohm
14ms -> 14ms, 995ms -> 995ms, 997ms -> 997ms, 1000ms -> 1000ms, 0.00 LDR mV | 0.00 lx | 996.22 hPa | 18.20 °C | 95.70 RH % | 0.00 CO vout raw | inf CO rs ohm
